{"/home/travis/build/npmtest/node-npmtest-ember-cli-fastboot/test.js":{"path":"/home/travis/build/npmtest/node-npmtest-ember-cli-fastboot/test.js","s":{"1":2,"2":2,"3":2,"4":2,"5":2,"6":2,"7":2,"8":1,"9":2,"10":2,"11":1,"12":1,"13":1,"14":1,"15":2,"16":2,"17":2,"18":2,"19":1,"20":1,"21":2,"22":2,"23":2,"24":1,"25":1,"26":1,"27":1,"28":1,"29":1,"30":1,"31":1,"32":1,"33":1,"34":1,"35":1,"36":1,"37":1,"38":1,"39":2,"40":2,"41":1,"42":2,"43":2,"44":1,"45":2,"46":2,"47":1,"48":2,"49":2,"50":1,"51":1,"52":1,"53":1,"54":1},"b":{"1":[2,1,1,1],"2":[1,1,1,1],"3":[1,1],"4":[1,1],"5":[1,1],"6":[1,1],"7":[1,1],"8":[1,1],"9":[1,1],"10":[1,1,1],"11":[1,1],"12":[1,1],"13":[1,1],"14":[1,1],"15":[1,1],"16":[1,1],"17":[1,1]},"f":{"1":2,"2":2,"3":2,"4":2,"5":2,"6":1,"7":1,"8":1,"9":2,"10":2,"11":2,"12":2,"13":1},"fnMap":{"1":{"name":"(anonymous_1)","line":12,"loc":{"start":{"line":12,"column":1},"end":{"line":12,"column":13}}},"2":{"name":"(anonymous_2)","line":19,"loc":{"start":{"line":19,"column":5},"end":{"line":19,"column":17}}},"3":{"name":"(anonymous_3)","line":23,"loc":{"start":{"line":23,"column":24},"end":{"line":23,"column":36}}},"4":{"name":"(anonymous_4)","line":61,"loc":{"start":{"line":61,"column":5},"end":{"line":61,"column":17}}},"5":{"name":"(anonymous_5)","line":82,"loc":{"start":{"line":82,"column":5},"end":{"line":82,"column":17}}},"6":{"name":"(anonymous_6)","line":91,"loc":{"start":{"line":91,"column":77},"end":{"line":94,"column":10}}},"7":{"name":"(anonymous_7)","line":112,"loc":{"start":{"line":112,"column":83},"end":{"line":115,"column":10}},"skip":true},"8":{"name":"(anonymous_8)","line":123,"loc":{"start":{"line":123,"column":77},"end":{"line":126,"column":10}},"skip":true},"9":{"name":"(anonymous_9)","line":139,"loc":{"start":{"line":139,"column":12},"end":{"line":139,"column":40}},"skip":true},"10":{"name":"(anonymous_10)","line":147,"loc":{"start":{"line":147,"column":77},"end":{"line":150,"column":10}},"skip":true},"11":{"name":"(anonymous_11)","line":158,"loc":{"start":{"line":158,"column":83},"end":{"line":161,"column":10}},"skip":true},"12":{"name":"(anonymous_12)","line":169,"loc":{"start":{"line":169,"column":79},"end":{"line":172,"column":10}},"skip":true},"13":{"name":"(anonymous_13)","line":180,"loc":{"start":{"line":180,"column":75},"end":{"line":183,"column":10}},"skip":true}},"statementMap":{"1":{"start":{"line":12,"column":0},"end":{"line":195,"column":5}},"2":{"start":{"line":14,"column":4},"end":{"line":14,"column":14}},"3":{"start":{"line":19,"column":4},"end":{"line":56,"column":9}},"4":{"start":{"line":21,"column":8},"end":{"line":21,"column":19}},"5":{"start":{"line":23,"column":8},"end":{"line":35,"column":13}},"6":{"start":{"line":24,"column":12},"end":{"line":34,"column":13}},"7":{"start":{"line":25,"column":16},"end":{"line":28,"column":30}},"8":{"start":{"line":30,"column":16},"end":{"line":33,"column":27}},"9":{"start":{"line":37,"column":8},"end":{"line":39,"column":21}},"10":{"start":{"line":40,"column":8},"end":{"line":53,"column":9}},"11":{"start":{"line":43,"column":12},"end":{"line":46,"column":14}},"12":{"start":{"line":47,"column":12},"end":{"line":47,"column":18}},"13":{"start":{"line":50,"column":12},"end":{"line":51,"column":46}},"14":{"start":{"line":52,"column":12},"end":{"line":52,"column":18}},"15":{"start":{"line":55,"column":8},"end":{"line":55,"column":35}},"16":{"start":{"line":61,"column":4},"end":{"line":63,"column":9}},"17":{"start":{"line":62,"column":8},"end":{"line":62,"column":15}},"18":{"start":{"line":64,"column":4},"end":{"line":77,"column":5}},"19":{"start":{"line":70,"column":8},"end":{"line":70,"column":14}},"20":{"start":{"line":76,"column":8},"end":{"line":76,"column":14}},"21":{"start":{"line":82,"column":4},"end":{"line":84,"column":9}},"22":{"start":{"line":83,"column":8},"end":{"line":83,"column":15}},"23":{"start":{"line":85,"column":4},"end":{"line":194,"column":5}},"24":{"start":{"line":91,"column":8},"end":{"line":99,"column":10}},"25":{"start":{"line":98,"column":12},"end":{"line":98,"column":35}},"26":{"start":{"line":102,"column":8},"end":{"line":104,"column":63}},"27":{"start":{"line":105,"column":8},"end":{"line":105,"column":14}},"28":{"start":{"line":112,"column":8},"end":{"line":121,"column":10},"skip":true},"29":{"start":{"line":119,"column":12},"end":{"line":119,"column":55},"skip":true},"30":{"start":{"line":120,"column":12},"end":{"line":120,"column":48},"skip":true},"31":{"start":{"line":123,"column":8},"end":{"line":136,"column":10},"skip":true},"32":{"start":{"line":130,"column":12},"end":{"line":130,"column":76},"skip":true},"33":{"start":{"line":131,"column":12},"end":{"line":131,"column":73},"skip":true},"34":{"start":{"line":132,"column":12},"end":{"line":132,"column":74},"skip":true},"35":{"start":{"line":133,"column":12},"end":{"line":133,"column":79},"skip":true},"36":{"start":{"line":134,"column":12},"end":{"line":134,"column":25},"skip":true},"37":{"start":{"line":135,"column":12},"end":{"line":135,"column":45},"skip":true},"38":{"start":{"line":138,"column":8},"end":{"line":145,"column":14},"skip":true},"39":{"start":{"line":143,"column":16},"end":{"line":143,"column":29},"skip":true},"40":{"start":{"line":144,"column":16},"end":{"line":144,"column":55},"skip":true},"41":{"start":{"line":147,"column":8},"end":{"line":156,"column":10},"skip":true},"42":{"start":{"line":154,"column":12},"end":{"line":154,"column":25},"skip":true},"43":{"start":{"line":155,"column":12},"end":{"line":155,"column":45},"skip":true},"44":{"start":{"line":158,"column":8},"end":{"line":167,"column":10},"skip":true},"45":{"start":{"line":165,"column":12},"end":{"line":165,"column":25},"skip":true},"46":{"start":{"line":166,"column":12},"end":{"line":166,"column":48},"skip":true},"47":{"start":{"line":169,"column":8},"end":{"line":178,"column":10},"skip":true},"48":{"start":{"line":176,"column":12},"end":{"line":176,"column":25},"skip":true},"49":{"start":{"line":177,"column":12},"end":{"line":177,"column":46},"skip":true},"50":{"start":{"line":180,"column":8},"end":{"line":189,"column":10},"skip":true},"51":{"start":{"line":187,"column":12},"end":{"line":187,"column":94},"skip":true},"52":{"start":{"line":188,"column":12},"end":{"line":188,"column":48},"skip":true},"53":{"start":{"line":192,"column":8},"end":{"line":192,"column":35},"skip":true},"54":{"start":{"line":193,"column":8},"end":{"line":193,"column":14},"skip":true}},"branchMap":{"1":{"line":25,"type":"binary-expr","locations":[{"start":{"line":25,"column":23},"end":{"line":25,"column":62}},{"start":{"line":26,"column":20},"end":{"line":26,"column":70}},{"start":{"line":27,"column":20},"end":{"line":27,"column":71}},{"start":{"line":28,"column":20},"end":{"line":28,"column":29}}]},"2":{"line":30,"type":"binary-expr","locations":[{"start":{"line":30,"column":23},"end":{"line":30,"column":37}},{"start":{"line":31,"column":20},"end":{"line":31,"column":61}},{"start":{"line":32,"column":20},"end":{"line":32,"column":70}},{"start":{"line":33,"column":20},"end":{"line":33,"column":26}}]},"3":{"line":37,"type":"cond-expr","locations":[{"start":{"line":38,"column":14},"end":{"line":38,"column":20}},{"start":{"line":39,"column":14},"end":{"line":39,"column":20}}]},"4":{"line":40,"type":"switch","locations":[{"start":{"line":42,"column":8},"end":{"line":47,"column":18}},{"start":{"line":49,"column":8},"end":{"line":52,"column":18}}]},"5":{"line":44,"type":"binary-expr","locations":[{"start":{"line":44,"column":16},"end":{"line":44,"column":44}},{"start":{"line":44,"column":48},"end":{"line":44,"column":66}}]},"6":{"line":50,"type":"binary-expr","locations":[{"start":{"line":50,"column":21},"end":{"line":50,"column":49}},{"start":{"line":50,"column":53},"end":{"line":50,"column":72}}]},"7":{"line":64,"type":"switch","locations":[{"start":{"line":69,"column":4},"end":{"line":70,"column":14}},{"start":{"line":75,"column":4},"end":{"line":76,"column":14}}]},"8":{"line":85,"type":"switch","locations":[{"start":{"line":90,"column":4},"end":{"line":105,"column":14}},{"start":{"line":111,"column":4},"end":{"line":193,"column":14},"skip":true}]},"9":{"line":91,"type":"binary-expr","locations":[{"start":{"line":91,"column":42},"end":{"line":91,"column":73}},{"start":{"line":91,"column":77},"end":{"line":99,"column":9}}]},"10":{"line":102,"type":"binary-expr","locations":[{"start":{"line":102,"column":18},"end":{"line":102,"column":32}},{"start":{"line":103,"column":12},"end":{"line":103,"column":53}},{"start":{"line":104,"column":12},"end":{"line":104,"column":61}}]},"11":{"line":112,"type":"binary-expr","locations":[{"start":{"line":112,"column":45},"end":{"line":112,"column":79},"skip":true},{"start":{"line":112,"column":83},"end":{"line":121,"column":9},"skip":true}]},"12":{"line":123,"type":"binary-expr","locations":[{"start":{"line":123,"column":42},"end":{"line":123,"column":73},"skip":true},{"start":{"line":123,"column":77},"end":{"line":136,"column":9},"skip":true}]},"13":{"line":138,"type":"binary-expr","locations":[{"start":{"line":138,"column":48},"end":{"line":138,"column":85},"skip":true},{"start":{"line":139,"column":12},"end":{"line":145,"column":13},"skip":true}]},"14":{"line":147,"type":"binary-expr","locations":[{"start":{"line":147,"column":42},"end":{"line":147,"column":73},"skip":true},{"start":{"line":147,"column":77},"end":{"line":156,"column":9},"skip":true}]},"15":{"line":158,"type":"binary-expr","locations":[{"start":{"line":158,"column":45},"end":{"line":158,"column":79},"skip":true},{"start":{"line":158,"column":83},"end":{"line":167,"column":9},"skip":true}]},"16":{"line":169,"type":"binary-expr","locations":[{"start":{"line":169,"column":43},"end":{"line":169,"column":75},"skip":true},{"start":{"line":169,"column":79},"end":{"line":178,"column":9},"skip":true}]},"17":{"line":180,"type":"binary-expr","locations":[{"start":{"line":180,"column":41},"end":{"line":180,"column":71},"skip":true},{"start":{"line":180,"column":75},"end":{"line":189,"column":9},"skip":true}]}},"code":["/* istanbul instrument in package npmtest_ember_cli_fastboot */","/*jslint","    bitwise: true,","    browser: true,","    maxerr: 8,","    maxlen: 96,","    node: true,","    nomen: true,","    regexp: true,","    stupid: true","*/","(function () {","    'use strict';","    var local;","","","","    // run shared js-env code - pre-init","    (function () {","        // init local","        local = {};","        // init modeJs","        local.modeJs = (function () {","            try {","                return typeof navigator.userAgent === 'string' &&","                    typeof document.querySelector('body') === 'object' &&","                    typeof XMLHttpRequest.prototype.open === 'function' &&","                    'browser';","            } catch (errorCaughtBrowser) {","                return module.exports &&","                    typeof process.versions.node === 'string' &&","                    typeof require('http').createServer === 'function' &&","                    'node';","            }","        }());","        // init global","        local.global = local.modeJs === 'browser'","            ? window","            : global;","        switch (local.modeJs) {","        // re-init local from window.local","        case 'browser':","            local = local.global.utility2.objectSetDefault(","                local.global.utility2_rollup || local.global.local,","                local.global.utility2","            );","            break;","        // re-init local from example.js","        case 'node':","            local = (local.global.utility2_rollup || require('utility2'))","                .requireExampleJsFromReadme();","            break;","        }","        // export local","        local.global.local = local;","    }());","","","","    // run shared js-env code - function","    (function () {","        return;","    }());","    switch (local.modeJs) {","","","","    // run browser js-env code - function","    case 'browser':","        break;","","","","    // run node js-env code - function","    case 'node':","        break;","    }","","","","    // run shared js-env code - post-init","    (function () {","        return;","    }());","    switch (local.modeJs) {","","","","    // run browser js-env code - post-init","    case 'browser':","        local.testCase_browser_nullCase = local.testCase_browser_nullCase || function (","            options,","            onError","        ) {","        /*","         * this function will test browsers's null-case handling-behavior-behavior","         */","            onError(null, options);","        };","","        // run tests","        local.nop(local.modeTest &&","            document.querySelector('#testRunButton1') &&","            document.querySelector('#testRunButton1').click());","        break;","","","","    // run node js-env code - post-init","    /* istanbul ignore next */","    case 'node':","        local.testCase_buildApidoc_default = local.testCase_buildApidoc_default || function (","            options,","            onError","        ) {","        /*","         * this function will test buildApidoc's default handling-behavior-behavior","         */","            options = { modulePathList: module.paths };","            local.buildApidoc(options, onError);","        };","","        local.testCase_buildApp_default = local.testCase_buildApp_default || function (","            options,","            onError","        ) {","        /*","         * this function will test buildApp's default handling-behavior-behavior","         */","            local.testCase_buildReadme_default(options, local.onErrorThrow);","            local.testCase_buildLib_default(options, local.onErrorThrow);","            local.testCase_buildTest_default(options, local.onErrorThrow);","            local.testCase_buildCustomOrg_default(options, local.onErrorThrow);","            options = [];","            local.buildApp(options, onError);","        };","","        local.testCase_buildCustomOrg_default = local.testCase_buildCustomOrg_default ||","            function (options, onError) {","            /*","             * this function will test buildCustomOrg's default handling-behavior","             */","                options = {};","                local.buildCustomOrg(options, onError);","            };","","        local.testCase_buildLib_default = local.testCase_buildLib_default || function (","            options,","            onError","        ) {","        /*","         * this function will test buildLib's default handling-behavior","         */","            options = {};","            local.buildLib(options, onError);","        };","","        local.testCase_buildReadme_default = local.testCase_buildReadme_default || function (","            options,","            onError","        ) {","        /*","         * this function will test buildReadme's default handling-behavior-behavior","         */","            options = {};","            local.buildReadme(options, onError);","        };","","        local.testCase_buildTest_default = local.testCase_buildTest_default || function (","            options,","            onError","        ) {","        /*","         * this function will test buildTest's default handling-behavior","         */","            options = {};","            local.buildTest(options, onError);","        };","","        local.testCase_webpage_default = local.testCase_webpage_default || function (","            options,","            onError","        ) {","        /*","         * this function will test webpage's default handling-behavior","         */","            options = { modeCoverageMerge: true, url: local.serverLocalHost + '?modeTest=1' };","            local.browserTest(options, onError);","        };","","        // run test-server","        local.testRunServer(local);","        break;","    }","}());",""],"l":{"12":2,"14":2,"19":2,"21":2,"23":2,"24":2,"25":2,"30":1,"37":2,"40":2,"43":1,"47":1,"50":1,"52":1,"55":2,"61":2,"62":2,"64":2,"70":1,"76":1,"82":2,"83":2,"85":2,"91":1,"98":1,"102":1,"105":1,"112":1,"119":1,"120":1,"123":1,"130":1,"131":1,"132":1,"133":1,"134":1,"135":1,"138":1,"143":2,"144":2,"147":1,"154":2,"155":2,"158":1,"165":2,"166":2,"169":1,"176":2,"177":2,"180":1,"187":1,"188":1,"192":1,"193":1}},"/home/travis/build/npmtest/node-npmtest-ember-cli-fastboot/lib.npmtest_ember_cli_fastboot.js":{"path":"/home/travis/build/npmtest/node-npmtest-ember-cli-fastboot/lib.npmtest_ember_cli_fastboot.js","s":{"1":2,"2":2,"3":2,"4":2,"5":2,"6":2,"7":2,"8":1,"9":2,"10":2,"11":2,"12":2,"13":1,"14":1,"15":1,"16":1},"b":{"1":[2,1,1,1],"2":[1,1,1,1],"3":[1,1],"4":[2,2],"5":[1,1]},"f":{"1":2,"2":2,"3":2},"fnMap":{"1":{"name":"(anonymous_1)","line":12,"loc":{"start":{"line":12,"column":1},"end":{"line":12,"column":13}}},"2":{"name":"(anonymous_2)","line":19,"loc":{"start":{"line":19,"column":5},"end":{"line":19,"column":17}}},"3":{"name":"(anonymous_3)","line":23,"loc":{"start":{"line":23,"column":24},"end":{"line":23,"column":36}}}},"statementMap":{"1":{"start":{"line":12,"column":0},"end":{"line":53,"column":5}},"2":{"start":{"line":14,"column":4},"end":{"line":14,"column":14}},"3":{"start":{"line":19,"column":4},"end":{"line":52,"column":9}},"4":{"start":{"line":21,"column":8},"end":{"line":21,"column":19}},"5":{"start":{"line":23,"column":8},"end":{"line":35,"column":13}},"6":{"start":{"line":24,"column":12},"end":{"line":34,"column":13}},"7":{"start":{"line":25,"column":16},"end":{"line":28,"column":30}},"8":{"start":{"line":30,"column":16},"end":{"line":33,"column":27}},"9":{"start":{"line":37,"column":8},"end":{"line":39,"column":21}},"10":{"start":{"line":41,"column":8},"end":{"line":41,"column":54}},"11":{"start":{"line":43,"column":8},"end":{"line":43,"column":63}},"12":{"start":{"line":45,"column":8},"end":{"line":51,"column":9}},"13":{"start":{"line":46,"column":12},"end":{"line":46,"column":69}},"14":{"start":{"line":48,"column":12},"end":{"line":48,"column":35}},"15":{"start":{"line":49,"column":12},"end":{"line":49,"column":49}},"16":{"start":{"line":50,"column":12},"end":{"line":50,"column":43}}},"branchMap":{"1":{"line":25,"type":"binary-expr","locations":[{"start":{"line":25,"column":23},"end":{"line":25,"column":62}},{"start":{"line":26,"column":20},"end":{"line":26,"column":70}},{"start":{"line":27,"column":20},"end":{"line":27,"column":71}},{"start":{"line":28,"column":20},"end":{"line":28,"column":29}}]},"2":{"line":30,"type":"binary-expr","locations":[{"start":{"line":30,"column":23},"end":{"line":30,"column":37}},{"start":{"line":31,"column":20},"end":{"line":31,"column":61}},{"start":{"line":32,"column":20},"end":{"line":32,"column":70}},{"start":{"line":33,"column":20},"end":{"line":33,"column":26}}]},"3":{"line":37,"type":"cond-expr","locations":[{"start":{"line":38,"column":14},"end":{"line":38,"column":20}},{"start":{"line":39,"column":14},"end":{"line":39,"column":20}}]},"4":{"line":41,"type":"binary-expr","locations":[{"start":{"line":41,"column":16},"end":{"line":41,"column":44}},{"start":{"line":41,"column":48},"end":{"line":41,"column":53}}]},"5":{"line":45,"type":"if","locations":[{"start":{"line":45,"column":8},"end":{"line":45,"column":8}},{"start":{"line":45,"column":8},"end":{"line":45,"column":8}}]}},"code":["/* istanbul instrument in package npmtest_ember_cli_fastboot */","/*jslint","    bitwise: true,","    browser: true,","    maxerr: 8,","    maxlen: 96,","    node: true,","    nomen: true,","    regexp: true,","    stupid: true","*/","(function () {","    'use strict';","    var local;","","","","    // run shared js-env code - pre-init","    (function () {","        // init local","        local = {};","        // init modeJs","        local.modeJs = (function () {","            try {","                return typeof navigator.userAgent === 'string' &&","                    typeof document.querySelector('body') === 'object' &&","                    typeof XMLHttpRequest.prototype.open === 'function' &&","                    'browser';","            } catch (errorCaughtBrowser) {","                return module.exports &&","                    typeof process.versions.node === 'string' &&","                    typeof require('http').createServer === 'function' &&","                    'node';","            }","        }());","        // init global","        local.global = local.modeJs === 'browser'","            ? window","            : global;","        // init utility2_rollup","        local = local.global.utility2_rollup || local;","        // init lib","        local.local = local.npmtest_ember_cli_fastboot = local;","        // init exports","        if (local.modeJs === 'browser') {","            local.global.utility2_npmtest_ember_cli_fastboot = local;","        } else {","            module.exports = local;","            module.exports.__dirname = __dirname;","            module.exports.module = module;","        }","    }());","}());",""],"l":{"12":2,"14":2,"19":2,"21":2,"23":2,"24":2,"25":2,"30":1,"37":2,"41":2,"43":2,"45":2,"46":1,"48":1,"49":1,"50":1}},"/home/travis/build/npmtest/node-npmtest-ember-cli-fastboot/example.js":{"path":"/home/travis/build/npmtest/node-npmtest-ember-cli-fastboot/example.js","s":{"1":2,"2":2,"3":2,"4":2,"5":2,"6":2,"7":2,"8":1,"9":2,"10":2,"11":2,"12":2,"13":1,"14":2,"15":2,"16":2,"17":2,"18":2,"19":0,"20":2,"21":1,"22":1,"23":1,"24":1,"25":1,"26":0,"27":0,"28":1,"29":1,"30":2,"31":0,"32":0,"33":0,"34":1,"35":2,"36":2,"37":3,"38":3,"39":3,"40":3,"41":0,"42":3,"43":3,"44":3,"45":1,"46":3,"47":1,"48":1,"49":1,"50":1,"51":1,"52":1,"53":1,"54":1,"55":1,"56":1,"57":0,"58":1,"59":6,"60":6,"61":1,"62":2,"63":0,"64":2,"65":1,"66":1,"67":0,"68":0,"69":0,"70":0,"71":0,"72":0,"73":0,"74":0,"75":0,"76":0,"77":0,"78":0,"79":0,"80":0,"81":0,"82":0,"83":0},"b":{"1":[2,1,1,1],"2":[1,1,1,1],"3":[1,1],"4":[2,2],"5":[1,1],"6":[1,1],"7":[2,0],"8":[2,1,1,1,1,1],"9":[0,2,0],"10":[1,1],"11":[2,1,1],"12":[1,0],"13":[0,2],"14":[2,0,0,0,0,0,0],"15":[0,3],"16":[3,0],"17":[1,1],"18":[0,1],"19":[1,2,0,2],"20":[1,0],"21":[1,1],"22":[0,0],"23":[0,0],"24":[0,0],"25":[0,0],"26":[0,0],"27":[0,0],"28":[0,0]},"f":{"1":2,"2":2,"3":2,"4":2,"5":2,"6":2,"7":3,"8":3,"9":3,"10":1,"11":6,"12":0},"fnMap":{"1":{"name":"(anonymous_1)","line":26,"loc":{"start":{"line":26,"column":1},"end":{"line":26,"column":13}}},"2":{"name":"(anonymous_2)","line":33,"loc":{"start":{"line":33,"column":5},"end":{"line":33,"column":17}}},"3":{"name":"(anonymous_3)","line":37,"loc":{"start":{"line":37,"column":24},"end":{"line":37,"column":36}}},"4":{"name":"(anonymous_4)","line":69,"loc":{"start":{"line":69,"column":31},"end":{"line":69,"column":48}},"skip":true},"5":{"name":"(anonymous_5)","line":78,"loc":{"start":{"line":78,"column":26},"end":{"line":78,"column":45}},"skip":true},"6":{"name":"(anonymous_6)","line":123,"loc":{"start":{"line":123,"column":33},"end":{"line":123,"column":48}},"skip":true},"7":{"name":"(anonymous_7)","line":125,"loc":{"start":{"line":125,"column":27},"end":{"line":125,"column":39}},"skip":true},"8":{"name":"(anonymous_8)","line":133,"loc":{"start":{"line":133,"column":59},"end":{"line":133,"column":74}},"skip":true},"9":{"name":"(anonymous_9)","line":143,"loc":{"start":{"line":143,"column":45},"end":{"line":143,"column":62}},"skip":true},"10":{"name":"(anonymous_10)","line":144,"loc":{"start":{"line":144,"column":73},"end":{"line":144,"column":92}},"skip":true},"11":{"name":"(anonymous_11)","line":272,"loc":{"start":{"line":272,"column":51},"end":{"line":272,"column":77}},"skip":true},"12":{"name":"(anonymous_12)","line":315,"loc":{"start":{"line":315,"column":32},"end":{"line":315,"column":61}},"skip":true}},"statementMap":{"1":{"start":{"line":26,"column":0},"end":{"line":326,"column":5}},"2":{"start":{"line":28,"column":4},"end":{"line":28,"column":14}},"3":{"start":{"line":33,"column":4},"end":{"line":60,"column":9}},"4":{"start":{"line":35,"column":8},"end":{"line":35,"column":19}},"5":{"start":{"line":37,"column":8},"end":{"line":49,"column":13}},"6":{"start":{"line":38,"column":12},"end":{"line":48,"column":13}},"7":{"start":{"line":39,"column":16},"end":{"line":42,"column":30}},"8":{"start":{"line":44,"column":16},"end":{"line":47,"column":27}},"9":{"start":{"line":51,"column":8},"end":{"line":53,"column":21}},"10":{"start":{"line":55,"column":8},"end":{"line":57,"column":45}},"11":{"start":{"line":59,"column":8},"end":{"line":59,"column":35}},"12":{"start":{"line":61,"column":4},"end":{"line":325,"column":5}},"13":{"start":{"line":69,"column":8},"end":{"line":121,"column":10},"skip":true},"14":{"start":{"line":70,"column":12},"end":{"line":88,"column":13},"skip":true},"15":{"start":{"line":76,"column":16},"end":{"line":87,"column":19},"skip":true},"16":{"start":{"line":79,"column":20},"end":{"line":86,"column":21},"skip":true},"17":{"start":{"line":82,"column":24},"end":{"line":82,"column":43},"skip":true},"18":{"start":{"line":83,"column":24},"end":{"line":83,"column":30},"skip":true},"19":{"start":{"line":85,"column":24},"end":{"line":85,"column":49},"skip":true},"20":{"start":{"line":89,"column":12},"end":{"line":107,"column":13},"skip":true},"21":{"start":{"line":92,"column":16},"end":{"line":102,"column":17},"skip":true},"22":{"start":{"line":93,"column":20},"end":{"line":93,"column":86},"skip":true},"23":{"start":{"line":94,"column":20},"end":{"line":95,"column":45},"skip":true},"24":{"start":{"line":96,"column":20},"end":{"line":96,"column":42},"skip":true},"25":{"start":{"line":97,"column":20},"end":{"line":97,"column":48},"skip":true},"26":{"start":{"line":100,"column":20},"end":{"line":100,"column":85},"skip":true},"27":{"start":{"line":101,"column":20},"end":{"line":101,"column":96},"skip":true},"28":{"start":{"line":103,"column":16},"end":{"line":103,"column":22},"skip":true},"29":{"start":{"line":106,"column":16},"end":{"line":106,"column":22},"skip":true},"30":{"start":{"line":108,"column":12},"end":{"line":120,"column":13},"skip":true},"31":{"start":{"line":114,"column":16},"end":{"line":119,"column":17},"skip":true},"32":{"start":{"line":116,"column":20},"end":{"line":116,"column":78},"skip":true},"33":{"start":{"line":118,"column":20},"end":{"line":118,"column":47},"skip":true},"34":{"start":{"line":123,"column":8},"end":{"line":141,"column":11},"skip":true},"35":{"start":{"line":124,"column":12},"end":{"line":124,"column":54},"skip":true},"36":{"start":{"line":125,"column":12},"end":{"line":140,"column":14},"skip":true},"37":{"start":{"line":126,"column":16},"end":{"line":126,"column":28},"skip":true},"38":{"start":{"line":127,"column":16},"end":{"line":127,"column":69},"skip":true},"39":{"start":{"line":128,"column":16},"end":{"line":128,"column":75},"skip":true},"40":{"start":{"line":129,"column":16},"end":{"line":131,"column":17},"skip":true},"41":{"start":{"line":130,"column":20},"end":{"line":130,"column":27},"skip":true},"42":{"start":{"line":133,"column":16},"end":{"line":137,"column":36},"skip":true},"43":{"start":{"line":134,"column":20},"end":{"line":136,"column":55},"skip":true},"44":{"start":{"line":139,"column":16},"end":{"line":139,"column":57},"skip":true},"45":{"start":{"line":143,"column":8},"end":{"line":147,"column":11},"skip":true},"46":{"start":{"line":144,"column":12},"end":{"line":146,"column":15},"skip":true},"47":{"start":{"line":145,"column":16},"end":{"line":145,"column":70},"skip":true},"48":{"start":{"line":149,"column":8},"end":{"line":149,"column":31},"skip":true},"49":{"start":{"line":150,"column":8},"end":{"line":150,"column":14},"skip":true},"50":{"start":{"line":158,"column":8},"end":{"line":158,"column":31},"skip":true},"51":{"start":{"line":160,"column":8},"end":{"line":160,"column":33},"skip":true},"52":{"start":{"line":161,"column":8},"end":{"line":161,"column":37},"skip":true},"53":{"start":{"line":162,"column":8},"end":{"line":162,"column":35},"skip":true},"54":{"start":{"line":164,"column":8},"end":{"line":164,"column":50},"skip":true},"55":{"start":{"line":166,"column":8},"end":{"line":256,"column":2},"skip":true},"56":{"start":{"line":258,"column":8},"end":{"line":286,"column":9},"skip":true},"57":{"start":{"line":259,"column":12},"end":{"line":269,"column":14},"skip":true},"58":{"start":{"line":271,"column":12},"end":{"line":285,"column":19},"skip":true},"59":{"start":{"line":274,"column":20},"end":{"line":274,"column":35},"skip":true},"60":{"start":{"line":275,"column":20},"end":{"line":284,"column":21},"skip":true},"61":{"start":{"line":277,"column":24},"end":{"line":277,"column":64},"skip":true},"62":{"start":{"line":279,"column":24},"end":{"line":279,"column":40},"skip":true},"63":{"start":{"line":281,"column":24},"end":{"line":281,"column":40},"skip":true},"64":{"start":{"line":283,"column":24},"end":{"line":283,"column":39},"skip":true},"65":{"start":{"line":288,"column":8},"end":{"line":290,"column":9},"skip":true},"66":{"start":{"line":289,"column":12},"end":{"line":289,"column":18},"skip":true},"67":{"start":{"line":291,"column":8},"end":{"line":293,"column":54},"skip":true},"68":{"start":{"line":296,"column":8},"end":{"line":301,"column":37},"skip":true},"69":{"start":{"line":303,"column":8},"end":{"line":303,"column":82},"skip":true},"70":{"start":{"line":306,"column":8},"end":{"line":308,"column":9},"skip":true},"71":{"start":{"line":307,"column":12},"end":{"line":307,"column":82},"skip":true},"72":{"start":{"line":310,"column":8},"end":{"line":312,"column":9},"skip":true},"73":{"start":{"line":311,"column":12},"end":{"line":311,"column":18},"skip":true},"74":{"start":{"line":313,"column":8},"end":{"line":313,"column":54},"skip":true},"75":{"start":{"line":314,"column":8},"end":{"line":314,"column":69},"skip":true},"76":{"start":{"line":315,"column":8},"end":{"line":323,"column":36},"skip":true},"77":{"start":{"line":316,"column":12},"end":{"line":316,"column":61},"skip":true},"78":{"start":{"line":317,"column":12},"end":{"line":320,"column":13},"skip":true},"79":{"start":{"line":318,"column":16},"end":{"line":318,"column":75},"skip":true},"80":{"start":{"line":319,"column":16},"end":{"line":319,"column":23},"skip":true},"81":{"start":{"line":321,"column":12},"end":{"line":321,"column":38},"skip":true},"82":{"start":{"line":322,"column":12},"end":{"line":322,"column":27},"skip":true},"83":{"start":{"line":324,"column":8},"end":{"line":324,"column":14},"skip":true}},"branchMap":{"1":{"line":39,"type":"binary-expr","locations":[{"start":{"line":39,"column":23},"end":{"line":39,"column":62}},{"start":{"line":40,"column":20},"end":{"line":40,"column":70}},{"start":{"line":41,"column":20},"end":{"line":41,"column":71}},{"start":{"line":42,"column":20},"end":{"line":42,"column":29}}]},"2":{"line":44,"type":"binary-expr","locations":[{"start":{"line":44,"column":23},"end":{"line":44,"column":37}},{"start":{"line":45,"column":20},"end":{"line":45,"column":61}},{"start":{"line":46,"column":20},"end":{"line":46,"column":70}},{"start":{"line":47,"column":20},"end":{"line":47,"column":26}}]},"3":{"line":51,"type":"cond-expr","locations":[{"start":{"line":52,"column":14},"end":{"line":52,"column":20}},{"start":{"line":53,"column":14},"end":{"line":53,"column":20}}]},"4":{"line":55,"type":"binary-expr","locations":[{"start":{"line":55,"column":16},"end":{"line":55,"column":44}},{"start":{"line":55,"column":49},"end":{"line":57,"column":43}}]},"5":{"line":55,"type":"cond-expr","locations":[{"start":{"line":56,"column":14},"end":{"line":56,"column":62}},{"start":{"line":57,"column":14},"end":{"line":57,"column":43}}]},"6":{"line":61,"type":"switch","locations":[{"start":{"line":68,"column":4},"end":{"line":150,"column":14},"skip":true},{"start":{"line":156,"column":4},"end":{"line":324,"column":14},"skip":true}]},"7":{"line":70,"type":"if","locations":[{"start":{"line":70,"column":12},"end":{"line":70,"column":12},"skip":true},{"start":{"line":70,"column":12},"end":{"line":70,"column":12},"skip":true}]},"8":{"line":70,"type":"binary-expr","locations":[{"start":{"line":70,"column":16},"end":{"line":70,"column":22},"skip":true},{"start":{"line":70,"column":27},"end":{"line":70,"column":32},"skip":true},{"start":{"line":71,"column":20},"end":{"line":71,"column":39},"skip":true},{"start":{"line":72,"column":20},"end":{"line":72,"column":49},"skip":true},{"start":{"line":73,"column":20},"end":{"line":73,"column":58},"skip":true},{"start":{"line":74,"column":20},"end":{"line":74,"column":69},"skip":true}]},"9":{"line":79,"type":"switch","locations":[{"start":{"line":80,"column":20},"end":{"line":80,"column":33},"skip":true},{"start":{"line":81,"column":20},"end":{"line":83,"column":30},"skip":true},{"start":{"line":84,"column":20},"end":{"line":85,"column":49},"skip":true}]},"10":{"line":89,"type":"switch","locations":[{"start":{"line":90,"column":12},"end":{"line":103,"column":22},"skip":true},{"start":{"line":105,"column":12},"end":{"line":106,"column":22},"skip":true}]},"11":{"line":89,"type":"binary-expr","locations":[{"start":{"line":89,"column":20},"end":{"line":89,"column":25},"skip":true},{"start":{"line":89,"column":29},"end":{"line":89,"column":48},"skip":true},{"start":{"line":89,"column":52},"end":{"line":89,"column":74},"skip":true}]},"12":{"line":92,"type":"if","locations":[{"start":{"line":92,"column":16},"end":{"line":92,"column":16},"skip":true},{"start":{"line":92,"column":16},"end":{"line":92,"column":16},"skip":true}]},"13":{"line":108,"type":"if","locations":[{"start":{"line":108,"column":12},"end":{"line":108,"column":12},"skip":true},{"start":{"line":108,"column":12},"end":{"line":108,"column":12},"skip":true}]},"14":{"line":108,"type":"binary-expr","locations":[{"start":{"line":108,"column":16},"end":{"line":108,"column":61},"skip":true},{"start":{"line":108,"column":66},"end":{"line":108,"column":72},"skip":true},{"start":{"line":108,"column":77},"end":{"line":108,"column":82},"skip":true},{"start":{"line":109,"column":20},"end":{"line":109,"column":39},"skip":true},{"start":{"line":110,"column":20},"end":{"line":110,"column":49},"skip":true},{"start":{"line":111,"column":20},"end":{"line":111,"column":58},"skip":true},{"start":{"line":112,"column":20},"end":{"line":112,"column":68},"skip":true}]},"15":{"line":129,"type":"if","locations":[{"start":{"line":129,"column":16},"end":{"line":129,"column":16},"skip":true},{"start":{"line":129,"column":16},"end":{"line":129,"column":16},"skip":true}]},"16":{"line":134,"type":"cond-expr","locations":[{"start":{"line":135,"column":26},"end":{"line":135,"column":29},"skip":true},{"start":{"line":136,"column":26},"end":{"line":136,"column":54},"skip":true}]},"17":{"line":164,"type":"binary-expr","locations":[{"start":{"line":164,"column":27},"end":{"line":164,"column":43},"skip":true},{"start":{"line":164,"column":47},"end":{"line":164,"column":49},"skip":true}]},"18":{"line":258,"type":"if","locations":[{"start":{"line":258,"column":8},"end":{"line":258,"column":8},"skip":true},{"start":{"line":258,"column":8},"end":{"line":258,"column":8},"skip":true}]},"19":{"line":275,"type":"switch","locations":[{"start":{"line":276,"column":20},"end":{"line":277,"column":64},"skip":true},{"start":{"line":278,"column":20},"end":{"line":279,"column":40},"skip":true},{"start":{"line":280,"column":20},"end":{"line":281,"column":40},"skip":true},{"start":{"line":282,"column":20},"end":{"line":283,"column":39},"skip":true}]},"20":{"line":288,"type":"if","locations":[{"start":{"line":288,"column":8},"end":{"line":288,"column":8},"skip":true},{"start":{"line":288,"column":8},"end":{"line":288,"column":8},"skip":true}]},"21":{"line":288,"type":"binary-expr","locations":[{"start":{"line":288,"column":12},"end":{"line":288,"column":40},"skip":true},{"start":{"line":288,"column":44},"end":{"line":288,"column":67},"skip":true}]},"22":{"line":292,"type":"binary-expr","locations":[{"start":{"line":292,"column":12},"end":{"line":292,"column":50},"skip":true},{"start":{"line":293,"column":12},"end":{"line":293,"column":53},"skip":true}]},"23":{"line":297,"type":"binary-expr","locations":[{"start":{"line":297,"column":12},"end":{"line":297,"column":76},"skip":true},{"start":{"line":298,"column":12},"end":{"line":301,"column":36},"skip":true}]},"24":{"line":303,"type":"binary-expr","locations":[{"start":{"line":303,"column":43},"end":{"line":303,"column":75},"skip":true},{"start":{"line":303,"column":79},"end":{"line":303,"column":81},"skip":true}]},"25":{"line":306,"type":"if","locations":[{"start":{"line":306,"column":8},"end":{"line":306,"column":8},"skip":true},{"start":{"line":306,"column":8},"end":{"line":306,"column":8},"skip":true}]},"26":{"line":310,"type":"if","locations":[{"start":{"line":310,"column":8},"end":{"line":310,"column":8},"skip":true},{"start":{"line":310,"column":8},"end":{"line":310,"column":8},"skip":true}]},"27":{"line":313,"type":"binary-expr","locations":[{"start":{"line":313,"column":27},"end":{"line":313,"column":43},"skip":true},{"start":{"line":313,"column":47},"end":{"line":313,"column":53},"skip":true}]},"28":{"line":317,"type":"if","locations":[{"start":{"line":317,"column":12},"end":{"line":317,"column":12},"skip":true},{"start":{"line":317,"column":12},"end":{"line":317,"column":12},"skip":true}]}},"code":["/*","example.js","","quickstart example","","instruction","    1. save this script as example.js","    2. run the shell command:","        $ npm install npmtest-ember-cli-fastboot && PORT=8081 node example.js","    3. play with the browser-demo on http://127.0.0.1:8081","*/","","","","/* istanbul instrument in package npmtest_ember_cli_fastboot */","/*jslint","    bitwise: true,","    browser: true,","    maxerr: 8,","    maxlen: 96,","    node: true,","    nomen: true,","    regexp: true,","    stupid: true","*/","(function () {","    'use strict';","    var local;","","","","    // run shared js-env code - pre-init","    (function () {","        // init local","        local = {};","        // init modeJs","        local.modeJs = (function () {","            try {","                return typeof navigator.userAgent === 'string' &&","                    typeof document.querySelector('body') === 'object' &&","                    typeof XMLHttpRequest.prototype.open === 'function' &&","                    'browser';","            } catch (errorCaughtBrowser) {","                return module.exports &&","                    typeof process.versions.node === 'string' &&","                    typeof require('http').createServer === 'function' &&","                    'node';","            }","        }());","        // init global","        local.global = local.modeJs === 'browser'","            ? window","            : global;","        // init utility2_rollup","        local = local.global.utility2_rollup || (local.modeJs === 'browser'","            ? local.global.utility2_npmtest_ember_cli_fastboot","            : global.utility2_moduleExports);","        // export local","        local.global.local = local;","    }());","    switch (local.modeJs) {","","","","    // post-init","    // run browser js-env code - post-init","    /* istanbul ignore next */","    case 'browser':","        local.testRunBrowser = function (event) {","            if (!event || (event &&","                    event.currentTarget &&","                    event.currentTarget.className &&","                    event.currentTarget.className.includes &&","                    event.currentTarget.className.includes('onreset'))) {","                // reset output","                Array.from(","                    document.querySelectorAll('body > .resettable')","                ).forEach(function (element) {","                    switch (element.tagName) {","                    case 'INPUT':","                    case 'TEXTAREA':","                        element.value = '';","                        break;","                    default:","                        element.textContent = '';","                    }","                });","            }","            switch (event && event.currentTarget && event.currentTarget.id) {","            case 'testRunButton1':","                // show tests","                if (document.querySelector('#testReportDiv1').style.display === 'none') {","                    document.querySelector('#testReportDiv1').style.display = 'block';","                    document.querySelector('#testRunButton1').textContent =","                        'hide internal test';","                    local.modeTest = true;","                    local.testRunDefault(local);","                // hide tests","                } else {","                    document.querySelector('#testReportDiv1').style.display = 'none';","                    document.querySelector('#testRunButton1').textContent = 'run internal test';","                }","                break;","            // custom-case","            default:","                break;","            }","            if (document.querySelector('#inputTextareaEval1') && (!event || (event &&","                    event.currentTarget &&","                    event.currentTarget.className &&","                    event.currentTarget.className.includes &&","                    event.currentTarget.className.includes('oneval')))) {","                // try to eval input-code","                try {","                    /*jslint evil: true*/","                    eval(document.querySelector('#inputTextareaEval1').value);","                } catch (errorCaught) {","                    console.error(errorCaught);","                }","            }","        };","        // log stderr and stdout to #outputTextareaStdout1","        ['error', 'log'].forEach(function (key) {","            console[key + '_original'] = console[key];","            console[key] = function () {","                var element;","                console[key + '_original'].apply(console, arguments);","                element = document.querySelector('#outputTextareaStdout1');","                if (!element) {","                    return;","                }","                // append text to #outputTextareaStdout1","                element.value += Array.from(arguments).map(function (arg) {","                    return typeof arg === 'string'","                        ? arg","                        : JSON.stringify(arg, null, 4);","                }).join(' ') + '\\n';","                // scroll textarea to bottom","                element.scrollTop = element.scrollHeight;","            };","        });","        // init event-handling","        ['change', 'click', 'keyup'].forEach(function (event) {","            Array.from(document.querySelectorAll('.on' + event)).forEach(function (element) {","                element.addEventListener(event, local.testRunBrowser);","            });","        });","        // run tests","        local.testRunBrowser();","        break;","","","","    // run node js-env code - post-init","    /* istanbul ignore next */","    case 'node':","        // export local","        module.exports = local;","        // require modules","        local.fs = require('fs');","        local.http = require('http');","        local.url = require('url');","        // init assets","        local.assetsDict = local.assetsDict || {};","        /* jslint-ignore-begin */","        local.assetsDict['/assets.index.template.html'] = '\\","<!doctype html>\\n\\","<html lang=\"en\">\\n\\","<head>\\n\\","<meta charset=\"UTF-8\">\\n\\","<meta name=\"viewport\" content=\"width=device-width, initial-scale=1\">\\n\\","<title>{{env.npm_package_name}} (v{{env.npm_package_version}})</title>\\n\\","<style>\\n\\","/*csslint\\n\\","    box-sizing: false,\\n\\","    universal-selector: false\\n\\","*/\\n\\","* {\\n\\","    box-sizing: border-box;\\n\\","}\\n\\","body {\\n\\","    background: #dde;\\n\\","    font-family: Arial, Helvetica, sans-serif;\\n\\","    margin: 2rem;\\n\\","}\\n\\","body > * {\\n\\","    margin-bottom: 1rem;\\n\\","}\\n\\",".utility2FooterDiv {\\n\\","    margin-top: 20px;\\n\\","    text-align: center;\\n\\","}\\n\\","</style>\\n\\","<style>\\n\\","/*csslint\\n\\","*/\\n\\","textarea {\\n\\","    font-family: monospace;\\n\\","    height: 10rem;\\n\\","    width: 100%;\\n\\","}\\n\\","textarea[readonly] {\\n\\","    background: #ddd;\\n\\","}\\n\\","</style>\\n\\","</head>\\n\\","<body>\\n\\","<!-- utility2-comment\\n\\","<div id=\"ajaxProgressDiv1\" style=\"background: #d00; height: 2px; left: 0; margin: 0; padding: 0; position: fixed; top: 0; transition: background 0.5s, width 1.5s; width: 25%;\"></div>\\n\\","utility2-comment -->\\n\\","<h1>\\n\\","<!-- utility2-comment\\n\\","    <a\\n\\","        {{#if env.npm_package_homepage}}\\n\\","        href=\"{{env.npm_package_homepage}}\"\\n\\","        {{/if env.npm_package_homepage}}\\n\\","        target=\"_blank\"\\n\\","    >\\n\\","utility2-comment -->\\n\\","        {{env.npm_package_name}} (v{{env.npm_package_version}})\\n\\","<!-- utility2-comment\\n\\","    </a>\\n\\","utility2-comment -->\\n\\","</h1>\\n\\","<h3>{{env.npm_package_description}}</h3>\\n\\","<!-- utility2-comment\\n\\","<h4><a download href=\"assets.app.js\">download standalone app</a></h4>\\n\\","<button class=\"onclick onreset\" id=\"testRunButton1\">run internal test</button><br>\\n\\","<div id=\"testReportDiv1\" style=\"display: none;\"></div>\\n\\","utility2-comment -->\\n\\","\\n\\","\\n\\","\\n\\","<label>stderr and stdout</label>\\n\\","<textarea class=\"resettable\" id=\"outputTextareaStdout1\" readonly></textarea>\\n\\","<!-- utility2-comment\\n\\","{{#if isRollup}}\\n\\","<script src=\"assets.app.js\"></script>\\n\\","{{#unless isRollup}}\\n\\","utility2-comment -->\\n\\","<script src=\"assets.utility2.rollup.js\"></script>\\n\\","<script src=\"jsonp.utility2._stateInit?callback=window.utility2._stateInit\"></script>\\n\\","<script src=\"assets.npmtest_ember_cli_fastboot.rollup.js\"></script>\\n\\","<script src=\"assets.example.js\"></script>\\n\\","<script src=\"assets.test.js\"></script>\\n\\","<!-- utility2-comment\\n\\","{{/if isRollup}}\\n\\","utility2-comment -->\\n\\","<div class=\"utility2FooterDiv\">\\n\\","    [ this app was created with\\n\\","    <a href=\"https://github.com/kaizhu256/node-utility2\" target=\"_blank\">utility2</a>\\n\\","    ]\\n\\","</div>\\n\\","</body>\\n\\","</html>\\n\\","';","        /* jslint-ignore-end */","        if (local.templateRender) {","            local.assetsDict['/'] = local.templateRender(","                local.assetsDict['/assets.index.template.html'],","                {","                    env: local.objectSetDefault(local.env, {","                        npm_package_description: 'the greatest app in the world!',","                        npm_package_name: 'my-app',","                        npm_package_nameAlias: 'my_app',","                        npm_package_version: '0.0.1'","                    })","                }","            );","        } else {","            local.assetsDict['/'] = local.assetsDict['/assets.index.template.html']","                .replace((/\\{\\{env\\.(\\w+?)\\}\\}/g), function (match0, match1) {","                    // jslint-hack","                    String(match0);","                    switch (match1) {","                    case 'npm_package_description':","                        return 'the greatest app in the world!';","                    case 'npm_package_name':","                        return 'my-app';","                    case 'npm_package_nameAlias':","                        return 'my_app';","                    case 'npm_package_version':","                        return '0.0.1';","                    }","                });","        }","        // run the cli","        if (local.global.utility2_rollup || module !== require.main) {","            break;","        }","        local.assetsDict['/assets.example.js'] =","            local.assetsDict['/assets.example.js'] ||","            local.fs.readFileSync(__filename, 'utf8');","        // bug-workaround - long $npm_package_buildCustomOrg","        /* jslint-ignore-begin */","        local.assetsDict['/assets.npmtest_ember_cli_fastboot.rollup.js'] =","            local.assetsDict['/assets.npmtest_ember_cli_fastboot.rollup.js'] ||","            local.fs.readFileSync(","                local.npmtest_ember_cli_fastboot.__dirname + '/lib.npmtest_ember_cli_fastboot.js',","                'utf8'","            ).replace((/^#!/), '//');","        /* jslint-ignore-end */","        local.assetsDict['/favicon.ico'] = local.assetsDict['/favicon.ico'] || '';","        // if $npm_config_timeout_exit exists,","        // then exit this process after $npm_config_timeout_exit ms","        if (Number(process.env.npm_config_timeout_exit)) {","            setTimeout(process.exit, Number(process.env.npm_config_timeout_exit));","        }","        // start server","        if (local.global.utility2_serverHttp1) {","            break;","        }","        process.env.PORT = process.env.PORT || '8081';","        console.error('server starting on port ' + process.env.PORT);","        local.http.createServer(function (request, response) {","            request.urlParsed = local.url.parse(request.url);","            if (local.assetsDict[request.urlParsed.pathname] !== undefined) {","                response.end(local.assetsDict[request.urlParsed.pathname]);","                return;","            }","            response.statusCode = 404;","            response.end();","        }).listen(process.env.PORT);","        break;","    }","}());",""],"l":{"26":2,"28":2,"33":2,"35":2,"37":2,"38":2,"39":2,"44":1,"51":2,"55":2,"59":2,"61":2,"69":1,"70":2,"76":2,"79":2,"82":2,"83":2,"85":1,"89":2,"92":1,"93":1,"94":1,"96":1,"97":1,"100":1,"101":1,"103":1,"106":1,"108":2,"114":1,"116":1,"118":1,"123":1,"124":2,"125":2,"126":3,"127":3,"128":3,"129":3,"130":1,"133":3,"134":3,"139":3,"143":1,"144":3,"145":1,"149":1,"150":1,"158":1,"160":1,"161":1,"162":1,"164":1,"166":1,"258":1,"259":1,"271":1,"274":6,"275":6,"277":1,"279":2,"281":1,"283":2,"288":1,"289":1,"291":1,"296":1,"303":1,"306":1,"307":1,"310":1,"311":1,"313":1,"314":1,"315":1,"316":1,"317":1,"318":1,"319":1,"321":1,"322":1,"324":1}},"/home/travis/build/npmtest/node-npmtest-ember-cli-fastboot/node_modules/ember-cli-fastboot/index.js":{"path":"/home/travis/build/npmtest/node-npmtest-ember-cli-fastboot/node_modules/ember-cli-fastboot/index.js","s":{"1":1,"2":1,"3":1,"4":1,"5":1,"6":1,"7":1,"8":1,"9":1,"10":0,"11":0,"12":0,"13":0,"14":0,"15":0,"16":0,"17":0,"18":0,"19":0,"20":0,"21":0,"22":0,"23":0,"24":0,"25":0,"26":0,"27":0,"28":0,"29":0,"30":0,"31":0,"32":0,"33":0,"34":0,"35":0,"36":0,"37":0,"38":0,"39":0,"40":0,"41":0,"42":0,"43":0,"44":0,"45":0,"46":0,"47":0,"48":0},"b":{"1":[0,0],"2":[0,0],"3":[0,0],"4":[0,0],"5":[0,0],"6":[0,0],"7":[0,0],"8":[0,0],"9":[0,0],"10":[0,0],"11":[0,0],"12":[0,0]},"f":{"1":0,"2":0,"3":0,"4":0,"5":0,"6":0,"7":0,"8":0,"9":0,"10":0,"11":0,"12":0,"13":0,"14":0},"fnMap":{"1":{"name":"(anonymous_1)","line":23,"loc":{"start":{"line":23,"column":6},"end":{"line":23,"column":9}}},"2":{"name":"(anonymous_2)","line":29,"loc":{"start":{"line":29,"column":20},"end":{"line":29,"column":31}}},"3":{"name":"(anonymous_3)","line":38,"loc":{"start":{"line":38,"column":6},"end":{"line":38,"column":17}}},"4":{"name":"(anonymous_4)","line":42,"loc":{"start":{"line":42,"column":8},"end":{"line":42,"column":19}}},"5":{"name":"(anonymous_5)","line":54,"loc":{"start":{"line":54,"column":12},"end":{"line":54,"column":26}}},"6":{"name":"(anonymous_6)","line":58,"loc":{"start":{"line":58,"column":10},"end":{"line":58,"column":21}}},"7":{"name":"(anonymous_7)","line":69,"loc":{"start":{"line":69,"column":14},"end":{"line":69,"column":47}}},"8":{"name":"(anonymous_8)","line":94,"loc":{"start":{"line":94,"column":14},"end":{"line":94,"column":36}}},"9":{"name":"(anonymous_9)","line":108,"loc":{"start":{"line":108,"column":17},"end":{"line":108,"column":32}}},"10":{"name":"(anonymous_10)","line":119,"loc":{"start":{"line":119,"column":19},"end":{"line":119,"column":40}}},"11":{"name":"(anonymous_11)","line":130,"loc":{"start":{"line":130,"column":21},"end":{"line":130,"column":32}}},"12":{"name":"(anonymous_12)","line":142,"loc":{"start":{"line":142,"column":15},"end":{"line":142,"column":26}}},"13":{"name":"(anonymous_13)","line":146,"loc":{"start":{"line":146,"column":13},"end":{"line":146,"column":24}}},"14":{"name":"(anonymous_14)","line":150,"loc":{"start":{"line":150,"column":20},"end":{"line":150,"column":31}}}},"statementMap":{"1":{"start":{"line":4,"column":0},"end":{"line":4,"column":27}},"2":{"start":{"line":6,"column":0},"end":{"line":6,"column":50}},"3":{"start":{"line":7,"column":0},"end":{"line":7,"column":49}},"4":{"start":{"line":8,"column":0},"end":{"line":8,"column":58}},"5":{"start":{"line":10,"column":0},"end":{"line":10,"column":61}},"6":{"start":{"line":11,"column":0},"end":{"line":11,"column":71}},"7":{"start":{"line":13,"column":0},"end":{"line":13,"column":65}},"8":{"start":{"line":14,"column":0},"end":{"line":14,"column":66}},"9":{"start":{"line":20,"column":0},"end":{"line":161,"column":2}},"10":{"start":{"line":24,"column":4},"end":{"line":24,"column":64}},"11":{"start":{"line":26,"column":4},"end":{"line":26,"column":38}},"12":{"start":{"line":30,"column":4},"end":{"line":35,"column":6}},"13":{"start":{"line":39,"column":4},"end":{"line":39,"column":51}},"14":{"start":{"line":43,"column":4},"end":{"line":43,"column":53}},"15":{"start":{"line":55,"column":4},"end":{"line":55,"column":23}},"16":{"start":{"line":59,"column":4},"end":{"line":61,"column":5}},"17":{"start":{"line":60,"column":6},"end":{"line":60,"column":42}},"18":{"start":{"line":70,"column":4},"end":{"line":72,"column":5}},"19":{"start":{"line":71,"column":6},"end":{"line":71,"column":48}},"20":{"start":{"line":74,"column":4},"end":{"line":76,"column":5}},"21":{"start":{"line":75,"column":6},"end":{"line":75,"column":81}},"22":{"start":{"line":78,"column":4},"end":{"line":80,"column":5}},"23":{"start":{"line":79,"column":6},"end":{"line":79,"column":52}},"24":{"start":{"line":82,"column":4},"end":{"line":91,"column":5}},"25":{"start":{"line":83,"column":6},"end":{"line":83,"column":42}},"26":{"start":{"line":84,"column":6},"end":{"line":88,"column":7}},"27":{"start":{"line":86,"column":8},"end":{"line":86,"column":23}},"28":{"start":{"line":87,"column":8},"end":{"line":87,"column":24}},"29":{"start":{"line":90,"column":6},"end":{"line":90,"column":41}},"30":{"start":{"line":95,"column":4},"end":{"line":95,"column":30}},"31":{"start":{"line":97,"column":4},"end":{"line":99,"column":5}},"32":{"start":{"line":98,"column":6},"end":{"line":98,"column":76}},"33":{"start":{"line":101,"column":4},"end":{"line":101,"column":50}},"34":{"start":{"line":109,"column":4},"end":{"line":109,"column":51}},"35":{"start":{"line":120,"column":4},"end":{"line":125,"column":5}},"36":{"start":{"line":121,"column":6},"end":{"line":121,"column":50}},"37":{"start":{"line":124,"column":6},"end":{"line":124,"column":65}},"38":{"start":{"line":127,"column":4},"end":{"line":127,"column":16}},"39":{"start":{"line":131,"column":4},"end":{"line":137,"column":7}},"40":{"start":{"line":139,"column":4},"end":{"line":139,"column":34}},"41":{"start":{"line":143,"column":4},"end":{"line":143,"column":29}},"42":{"start":{"line":147,"column":4},"end":{"line":147,"column":27}},"43":{"start":{"line":151,"column":4},"end":{"line":151,"column":62}},"44":{"start":{"line":152,"column":4},"end":{"line":152,"column":43}},"45":{"start":{"line":153,"column":4},"end":{"line":153,"column":65}},"46":{"start":{"line":155,"column":4},"end":{"line":157,"column":5}},"47":{"start":{"line":156,"column":6},"end":{"line":156,"column":33}},"48":{"start":{"line":159,"column":4},"end":{"line":159,"column":41}}},"branchMap":{"1":{"line":24,"type":"binary-expr","locations":[{"start":{"line":24,"column":4},"end":{"line":24,"column":20}},{"start":{"line":24,"column":24},"end":{"line":24,"column":63}}]},"2":{"line":59,"type":"if","locations":[{"start":{"line":59,"column":4},"end":{"line":59,"column":4}},{"start":{"line":59,"column":4},"end":{"line":59,"column":4}}]},"3":{"line":59,"type":"binary-expr","locations":[{"start":{"line":59,"column":8},"end":{"line":59,"column":16}},{"start":{"line":59,"column":20},"end":{"line":59,"column":61}}]},"4":{"line":70,"type":"if","locations":[{"start":{"line":70,"column":4},"end":{"line":70,"column":4}},{"start":{"line":70,"column":4},"end":{"line":70,"column":4}}]},"5":{"line":74,"type":"if","locations":[{"start":{"line":74,"column":4},"end":{"line":74,"column":4}},{"start":{"line":74,"column":4},"end":{"line":74,"column":4}}]},"6":{"line":78,"type":"if","locations":[{"start":{"line":78,"column":4},"end":{"line":78,"column":4}},{"start":{"line":78,"column":4},"end":{"line":78,"column":4}}]},"7":{"line":82,"type":"if","locations":[{"start":{"line":82,"column":4},"end":{"line":82,"column":4}},{"start":{"line":82,"column":4},"end":{"line":82,"column":4}}]},"8":{"line":82,"type":"binary-expr","locations":[{"start":{"line":82,"column":8},"end":{"line":82,"column":32}},{"start":{"line":82,"column":36},"end":{"line":82,"column":77}}]},"9":{"line":97,"type":"if","locations":[{"start":{"line":97,"column":4},"end":{"line":97,"column":4}},{"start":{"line":97,"column":4},"end":{"line":97,"column":4}}]},"10":{"line":120,"type":"if","locations":[{"start":{"line":120,"column":4},"end":{"line":120,"column":4}},{"start":{"line":120,"column":4},"end":{"line":120,"column":4}}]},"11":{"line":120,"type":"binary-expr","locations":[{"start":{"line":120,"column":8},"end":{"line":120,"column":22}},{"start":{"line":120,"column":26},"end":{"line":120,"column":56}}]},"12":{"line":155,"type":"if","locations":[{"start":{"line":155,"column":4},"end":{"line":155,"column":4}},{"start":{"line":155,"column":4},"end":{"line":155,"column":4}}]}},"code":["/* eslint-env node */","'use strict';","","var path = require('path');","","var EventEmitter = require('events').EventEmitter;","var mergeTrees = require('broccoli-merge-trees');","var VersionChecker = require('ember-cli-version-checker');","","var patchEmberApp     = require('./lib/ext/patch-ember-app');","var fastbootAppModule = require('./lib/utilities/fastboot-app-module');","","var filterInitializers = require('fastboot-filter-initializers');","var FastBootBuild      = require('./lib/broccoli/fastboot-build');","","/*"," * Main entrypoint for the Ember CLI addon."," */","","module.exports = {","  name: 'ember-cli-fastboot',","","  init() {","    this._super.init && this._super.init.apply(this, arguments);","","    this.emitter = new EventEmitter();","  },","","  includedCommands: function() {","    return {","      'fastboot':       require('./lib/commands/fastboot')(this),","","      /* fastboot:build is deprecated and will be removed in a future version */","      'fastboot:build': require('./lib/commands/fastboot-build')","    };","  },","","  on: function() {","    this.emitter.on.apply(this.emitter, arguments);","  },","","  emit: function() {","    this.emitter.emit.apply(this.emitter, arguments);","  },","","  /**","   * Called at the start of the build process to let the addon know it will be","   * used. At this point, we can rely on the EMBER_CLI_FASTBOOT environment","   * variable being set.","   *","   * Once we've determined which mode we're in (browser build or FastBoot build),","   * we mixin additional Ember addon hooks appropriate to the current build target.","   */","  included: function(app) {","    patchEmberApp(app);","  },","","  config: function() {","    if (this.app && this.app.options.__is_building_fastboot__) {","      return { APP: { autoboot: false } };","    }","  },","","  /**","   * Inserts placeholders into index.html that are used by the FastBoot server","   * to insert the rendered content into the right spot. Also injects a module","   * for FastBoot application boot.","   */","  contentFor: function(type, config, contents) {","    if (type === 'body') {","      return \"<!-- EMBER_CLI_FASTBOOT_BODY -->\";","    }","","    if (type === 'head') {","      return \"<!-- EMBER_CLI_FASTBOOT_TITLE --><!-- EMBER_CLI_FASTBOOT_HEAD -->\";","    }","","    if (type === 'app-boot') {","      return fastbootAppModule(config.modulePrefix);","    }","","    if (type === 'config-module' && this.app.options.__is_building_fastboot__) {","      var linesToRemove = contents.length;","      while(linesToRemove) {","        // Clear out the default config from ember-cli","        contents.pop();","        linesToRemove--;","      }","","      return 'return FastBoot.config();';","    }","  },","","  treeForApp: function(defaultTree) {","    var trees = [defaultTree];","","    if (this._getEmberVersion().lt('2.10.0-alpha.1')) {","      trees.push(this.treeGenerator(path.resolve(this.root, 'app-lt-2-9')));","    }","","    return mergeTrees(trees, { overwrite: true });","  },","","  /**","   * Filters out initializers and instance initializers that should only run in","   * browser mode.","   */","  preconcatTree: function(tree) {","    return filterInitializers(tree, this.app.name);","  },","","  /**","   * After the entire Broccoli tree has been built for the `dist` directory,","   * adds the `fastboot-config.json` file to the root.","   *","   * FASTBOOT_DISABLED is a pre 1.0 power user flag to","   * disable the fastboot build while retaining the fastboot service.","   */","  postprocessTree: function(type, tree) {","    if (type === 'all' && !process.env.FASTBOOT_DISABLED) {","      var fastbootTree = this.buildFastBootTree();","","      // Merge the package.json with the existing tree","      return mergeTrees([tree, fastbootTree], {overwrite: true});","    }","","    return tree;","  },","","  buildFastBootTree: function() {","    var fastbootBuild = new FastBootBuild({","      ui: this.ui,","      assetMapPath: this.assetMapPath,","      project: this.project,","      app: this.app,","      parent: this.parent","    });","","    return fastbootBuild.toTree();","  },","","  outputReady: function() {","    this.emit('outputReady');","  },","","  postBuild: function() {","    this.emit('postBuild');","  },","","  _getEmberVersion: function() {","    var VersionChecker = require('ember-cli-version-checker');","    var checker = new VersionChecker(this);","    var emberVersionChecker = checker.for('ember-source', 'npm');","","    if (emberVersionChecker.version) {","      return emberVersionChecker;","    }","","    return checker.for('ember', 'bower');","  },","};",""],"l":{"4":1,"6":1,"7":1,"8":1,"10":1,"11":1,"13":1,"14":1,"20":1,"24":0,"26":0,"30":0,"39":0,"43":0,"55":0,"59":0,"60":0,"70":0,"71":0,"74":0,"75":0,"78":0,"79":0,"82":0,"83":0,"84":0,"86":0,"87":0,"90":0,"95":0,"97":0,"98":0,"101":0,"109":0,"120":0,"121":0,"124":0,"127":0,"131":0,"139":0,"143":0,"147":0,"151":0,"152":0,"153":0,"155":0,"156":0,"159":0}},"/home/travis/build/npmtest/node-npmtest-ember-cli-fastboot/node_modules/ember-cli-fastboot/lib/ext/patch-ember-app.js":{"path":"/home/travis/build/npmtest/node-npmtest-ember-cli-fastboot/node_modules/ember-cli-fastboot/lib/ext/patch-ember-app.js","s":{"1":1,"2":0,"3":0,"4":0,"5":0,"6":0,"7":0,"8":0,"9":0,"10":0,"11":0,"12":0,"13":0,"14":1,"15":0,"16":0,"17":0,"18":0,"19":0,"20":1},"b":{"1":[0,0],"2":[0,0],"3":[0,0],"4":[0,0],"5":[0,0]},"f":{"1":0,"2":0,"3":0,"4":0},"fnMap":{"1":{"name":"patchEmberApp","line":6,"loc":{"start":{"line":6,"column":0},"end":{"line":6,"column":33}}},"2":{"name":"(anonymous_2)","line":21,"loc":{"start":{"line":21,"column":20},"end":{"line":21,"column":44}}},"3":{"name":"addonPreconcatTree","line":35,"loc":{"start":{"line":35,"column":0},"end":{"line":35,"column":34}}},"4":{"name":"(anonymous_4)","line":38,"loc":{"start":{"line":38,"column":30},"end":{"line":38,"column":46}}}},"statementMap":{"1":{"start":{"line":6,"column":0},"end":{"line":33,"column":1}},"2":{"start":{"line":8,"column":2},"end":{"line":8,"column":46}},"3":{"start":{"line":8,"column":37},"end":{"line":8,"column":44}},"4":{"start":{"line":11,"column":2},"end":{"line":11,"column":61}},"5":{"start":{"line":12,"column":2},"end":{"line":12,"column":92}},"6":{"start":{"line":15,"column":2},"end":{"line":15,"column":51}},"7":{"start":{"line":21,"column":2},"end":{"line":26,"column":4}},"8":{"start":{"line":22,"column":4},"end":{"line":24,"column":5}},"9":{"start":{"line":23,"column":6},"end":{"line":23,"column":43}},"10":{"start":{"line":25,"column":4},"end":{"line":25,"column":54}},"11":{"start":{"line":27,"column":2},"end":{"line":31,"column":3}},"12":{"start":{"line":28,"column":4},"end":{"line":28,"column":40}},"13":{"start":{"line":30,"column":4},"end":{"line":30,"column":39}},"14":{"start":{"line":35,"column":0},"end":{"line":45,"column":1}},"15":{"start":{"line":36,"column":2},"end":{"line":36,"column":25}},"16":{"start":{"line":38,"column":2},"end":{"line":42,"column":5}},"17":{"start":{"line":39,"column":4},"end":{"line":41,"column":5}},"18":{"start":{"line":40,"column":6},"end":{"line":40,"column":53}},"19":{"start":{"line":44,"column":2},"end":{"line":44,"column":21}},"20":{"start":{"line":47,"column":0},"end":{"line":47,"column":31}}},"branchMap":{"1":{"line":8,"type":"if","locations":[{"start":{"line":8,"column":2},"end":{"line":8,"column":2}},{"start":{"line":8,"column":2},"end":{"line":8,"column":2}}]},"2":{"line":12,"type":"cond-expr","locations":[{"start":{"line":12,"column":47},"end":{"line":12,"column":68}},{"start":{"line":12,"column":71},"end":{"line":12,"column":91}}]},"3":{"line":22,"type":"if","locations":[{"start":{"line":22,"column":4},"end":{"line":22,"column":4}},{"start":{"line":22,"column":4},"end":{"line":22,"column":4}}]},"4":{"line":27,"type":"if","locations":[{"start":{"line":27,"column":2},"end":{"line":27,"column":2}},{"start":{"line":27,"column":2},"end":{"line":27,"column":2}}]},"5":{"line":39,"type":"if","locations":[{"start":{"line":39,"column":4},"end":{"line":39,"column":4}},{"start":{"line":39,"column":4},"end":{"line":39,"column":4}}]}},"code":["/**"," * Monkeypatches the EmberApp instance from Ember CLI to contain the hooks we"," * need to filter environment-specific initializers. Hopefully we can upstream"," * similar hooks to Ember CLI and eventually remove these patches."," */","function patchEmberApp(emberApp) {","  // App was already patched","  if (emberApp.addonPreconcatTree) { return; }","","  // Save off original implementation of the `concatFiles` hook","  var concatDeprecated = emberApp._concatFiles !== undefined;","  var originalConcatFiles = concatDeprecated ? emberApp._concatFiles : emberApp.concatFiles;","","  // Install method to invoke `preconcatTree` hook on each addon","  emberApp.addonPreconcatTree = addonPreconcatTree;","","  // Install patched `concatFiles` method. This checks options passed to it","  // and, if it detects that it's a concat for the app tree, invokes our","  // preconcat hook. Afterwards, we invoke the original implementation to","  // return a tree concating the files.","  var concatFiles = function(tree, options) {","    if (options.annotation === 'Concat: App') {","      tree = this.addonPreconcatTree(tree);","    }","    return originalConcatFiles.apply(this, arguments);","  };","  if (concatDeprecated) {","    emberApp._concatFiles = concatFiles;","  } else {","    emberApp.concatFiles = concatFiles;","  }","","}","","function addonPreconcatTree(tree) {","  var workingTree = tree;","","  this.project.addons.forEach(function(addon) {","    if (addon.preconcatTree) {","      workingTree = addon.preconcatTree(workingTree);","    }","  });","","  return workingTree;","}","","module.exports = patchEmberApp;",""],"l":{"6":1,"8":0,"11":0,"12":0,"15":0,"21":0,"22":0,"23":0,"25":0,"27":0,"28":0,"30":0,"35":1,"36":0,"38":0,"39":0,"40":0,"44":0,"47":1}},"/home/travis/build/npmtest/node-npmtest-ember-cli-fastboot/node_modules/ember-cli-fastboot/lib/utilities/fastboot-app-module.js":{"path":"/home/travis/build/npmtest/node-npmtest-ember-cli-fastboot/node_modules/ember-cli-fastboot/lib/utilities/fastboot-app-module.js","s":{"1":1,"2":0,"3":1},"b":{},"f":{"1":0},"fnMap":{"1":{"name":"fastbootAppModule","line":8,"loc":{"start":{"line":8,"column":0},"end":{"line":8,"column":35}}}},"statementMap":{"1":{"start":{"line":8,"column":0},"end":{"line":23,"column":1}},"2":{"start":{"line":9,"column":2},"end":{"line":22,"column":57}},"3":{"start":{"line":25,"column":0},"end":{"line":25,"column":35}}},"branchMap":{},"code":["// Expose the an factory for the creating the `Application` object","// with the proper config at a known path, so that the server does","// not have to disover the app's module prefix (\"my-app\").","//","// The module defined here is prefixed with a `~` to make it less","// likely to collide with user code, since it is not possible to","// define a module with a name like this in the file system.","function fastbootAppModule(prefix) {","  return [","    \"\",","    \"define('~fastboot/app-factory', ['{{MODULE_PREFIX}}/app', '{{MODULE_PREFIX}}/config/environment'], function(App, config) {\",","    \"  App = App['default'];\",","    \"  config = config['default'];\",","    \"\",","    \"  return {\",","    \"    'default': function() {\",","    \"      return App.create(config.APP);\",","    \"    }\",","    \"  };\",","    \"});\",","    \"\"","  ].join(\"\\n\").replace(/\\{\\{MODULE_PREFIX\\}\\}/g, prefix);","}","","module.exports = fastbootAppModule;",""],"l":{"8":1,"9":0,"25":1}},"/home/travis/build/npmtest/node-npmtest-ember-cli-fastboot/node_modules/ember-cli-fastboot/lib/broccoli/fastboot-build.js":{"path":"/home/travis/build/npmtest/node-npmtest-ember-cli-fastboot/node_modules/ember-cli-fastboot/lib/broccoli/fastboot-build.js","s":{"1":1,"2":1,"3":1,"4":1,"5":1,"6":1,"7":0,"8":0,"9":0,"10":0,"11":1,"12":1,"13":0,"14":0,"15":0,"16":0,"17":0,"18":0,"19":0,"20":0,"21":0,"22":0,"23":0,"24":0,"25":0,"26":0,"27":0,"28":0,"29":1,"30":0,"31":0,"32":0,"33":0,"34":0,"35":0,"36":0,"37":0,"38":0,"39":0,"40":0,"41":0,"42":0,"43":0,"44":0,"45":0,"46":1,"47":0,"48":1,"49":0,"50":0,"51":0,"52":0,"53":0,"54":1,"55":0,"56":0,"57":0,"58":0,"59":1},"b":{"1":[0,0],"2":[0,0],"3":[0,0],"4":[0,0],"5":[0,0],"6":[0,0],"7":[0,0,0],"8":[0,0]},"f":{"1":0,"2":0,"3":0,"4":0,"5":0,"6":0,"7":0,"8":0},"fnMap":{"1":{"name":"EmptyTree","line":10,"loc":{"start":{"line":10,"column":0},"end":{"line":10,"column":40}}},"2":{"name":"(anonymous_2)","line":17,"loc":{"start":{"line":17,"column":28},"end":{"line":17,"column":39}}},"3":{"name":"FastBootBuild","line":19,"loc":{"start":{"line":19,"column":0},"end":{"line":19,"column":32}}},"4":{"name":"(anonymous_4)","line":22,"loc":{"start":{"line":22,"column":44},"end":{"line":22,"column":60}}},"5":{"name":"(anonymous_5)","line":51,"loc":{"start":{"line":51,"column":33},"end":{"line":51,"column":44}}},"6":{"name":"(anonymous_6)","line":101,"loc":{"start":{"line":101,"column":37},"end":{"line":101,"column":48}}},"7":{"name":"(anonymous_7)","line":112,"loc":{"start":{"line":112,"column":42},"end":{"line":112,"column":57}}},"8":{"name":"(anonymous_8)","line":139,"loc":{"start":{"line":139,"column":47},"end":{"line":139,"column":58}}}},"statementMap":{"1":{"start":{"line":1,"column":0},"end":{"line":1,"column":40}},"2":{"start":{"line":2,"column":0},"end":{"line":2,"column":40}},"3":{"start":{"line":3,"column":0},"end":{"line":3,"column":42}},"4":{"start":{"line":8,"column":0},"end":{"line":8,"column":54}},"5":{"start":{"line":9,"column":0},"end":{"line":9,"column":44}},"6":{"start":{"line":10,"column":0},"end":{"line":15,"column":1}},"7":{"start":{"line":11,"column":2},"end":{"line":11,"column":26}},"8":{"start":{"line":12,"column":2},"end":{"line":12,"column":58}},"9":{"start":{"line":13,"column":2},"end":{"line":13,"column":41}},"10":{"start":{"line":14,"column":2},"end":{"line":14,"column":25}},"11":{"start":{"line":17,"column":0},"end":{"line":17,"column":43}},"12":{"start":{"line":19,"column":0},"end":{"line":44,"column":1}},"13":{"start":{"line":20,"column":2},"end":{"line":20,"column":33}},"14":{"start":{"line":21,"column":2},"end":{"line":21,"column":51}},"15":{"start":{"line":22,"column":2},"end":{"line":24,"column":8}},"16":{"start":{"line":23,"column":4},"end":{"line":23,"column":47}},"17":{"start":{"line":26,"column":2},"end":{"line":36,"column":3}},"18":{"start":{"line":27,"column":4},"end":{"line":27,"column":93}},"19":{"start":{"line":29,"column":4},"end":{"line":31,"column":5}},"20":{"start":{"line":30,"column":6},"end":{"line":30,"column":56}},"21":{"start":{"line":33,"column":4},"end":{"line":35,"column":5}},"22":{"start":{"line":34,"column":6},"end":{"line":34,"column":52}},"23":{"start":{"line":38,"column":2},"end":{"line":38,"column":87}},"24":{"start":{"line":39,"column":2},"end":{"line":39,"column":23}},"25":{"start":{"line":40,"column":2},"end":{"line":40,"column":25}},"26":{"start":{"line":41,"column":2},"end":{"line":41,"column":25}},"27":{"start":{"line":42,"column":2},"end":{"line":42,"column":28}},"28":{"start":{"line":43,"column":2},"end":{"line":43,"column":31}},"29":{"start":{"line":51,"column":0},"end":{"line":94,"column":2}},"30":{"start":{"line":52,"column":2},"end":{"line":52,"column":24}},"31":{"start":{"line":56,"column":2},"end":{"line":58,"column":3}},"32":{"start":{"line":57,"column":4},"end":{"line":57,"column":29}},"33":{"start":{"line":66,"column":2},"end":{"line":66,"column":32}},"34":{"start":{"line":68,"column":2},"end":{"line":68,"column":34}},"35":{"start":{"line":71,"column":2},"end":{"line":71,"column":29}},"36":{"start":{"line":72,"column":2},"end":{"line":72,"column":74}},"37":{"start":{"line":73,"column":2},"end":{"line":73,"column":50}},"38":{"start":{"line":78,"column":2},"end":{"line":78,"column":38}},"39":{"start":{"line":80,"column":2},"end":{"line":83,"column":5}},"40":{"start":{"line":85,"column":2},"end":{"line":85,"column":84}},"41":{"start":{"line":86,"column":2},"end":{"line":86,"column":66}},"42":{"start":{"line":88,"column":2},"end":{"line":88,"column":32}},"43":{"start":{"line":90,"column":2},"end":{"line":90,"column":54}},"44":{"start":{"line":91,"column":2},"end":{"line":91,"column":46}},"45":{"start":{"line":93,"column":2},"end":{"line":93,"column":62}},"46":{"start":{"line":101,"column":0},"end":{"line":110,"column":2}},"47":{"start":{"line":102,"column":2},"end":{"line":109,"column":5}},"48":{"start":{"line":112,"column":0},"end":{"line":129,"column":2}},"49":{"start":{"line":113,"column":2},"end":{"line":113,"column":52}},"50":{"start":{"line":114,"column":2},"end":{"line":114,"column":25}},"51":{"start":{"line":115,"column":2},"end":{"line":115,"column":40}},"52":{"start":{"line":116,"column":2},"end":{"line":116,"column":39}},"53":{"start":{"line":120,"column":2},"end":{"line":128,"column":5}},"54":{"start":{"line":139,"column":0},"end":{"line":145,"column":2}},"55":{"start":{"line":140,"column":2},"end":{"line":140,"column":56}},"56":{"start":{"line":141,"column":2},"end":{"line":141,"column":32}},"57":{"start":{"line":142,"column":2},"end":{"line":142,"column":92}},"58":{"start":{"line":144,"column":2},"end":{"line":144,"column":32}},"59":{"start":{"line":147,"column":0},"end":{"line":147,"column":31}}},"branchMap":{"1":{"line":11,"type":"binary-expr","locations":[{"start":{"line":11,"column":12},"end":{"line":11,"column":19}},{"start":{"line":11,"column":23},"end":{"line":11,"column":25}}]},"2":{"line":26,"type":"if","locations":[{"start":{"line":26,"column":2},"end":{"line":26,"column":2}},{"start":{"line":26,"column":2},"end":{"line":26,"column":2}}]},"3":{"line":26,"type":"binary-expr","locations":[{"start":{"line":26,"column":6},"end":{"line":26,"column":14}},{"start":{"line":26,"column":18},"end":{"line":26,"column":34}}]},"4":{"line":27,"type":"binary-expr","locations":[{"start":{"line":27,"column":30},"end":{"line":27,"column":54}},{"start":{"line":27,"column":58},"end":{"line":27,"column":91}}]},"5":{"line":29,"type":"if","locations":[{"start":{"line":29,"column":4},"end":{"line":29,"column":4}},{"start":{"line":29,"column":4},"end":{"line":29,"column":4}}]},"6":{"line":33,"type":"if","locations":[{"start":{"line":33,"column":4},"end":{"line":33,"column":4}},{"start":{"line":33,"column":4},"end":{"line":33,"column":4}}]},"7":{"line":38,"type":"binary-expr","locations":[{"start":{"line":38,"column":22},"end":{"line":38,"column":39}},{"start":{"line":38,"column":43},"end":{"line":38,"column":63}},{"start":{"line":38,"column":67},"end":{"line":38,"column":86}}]},"8":{"line":56,"type":"if","locations":[{"start":{"line":56,"column":2},"end":{"line":56,"column":2}},{"start":{"line":56,"column":2},"end":{"line":56,"column":2}}]}},"code":["var Funnel = require('broccoli-funnel');","var Plugin = require('broccoli-plugin');","var defaults = require('lodash.defaults');","","// The EmptyTree just returns a broccoli tree with no files","// into it so broccoli doesn't try to read a tree from","// undefined.","EmptyTree.prototype = Object.create(Plugin.prototype);","EmptyTree.prototype.constructor = EmptyTree;","function EmptyTree(inputNodes, options) {","  options = options || {};","  this.persistentOutput = options.persistentOutput = true;","  Plugin.call(this, inputNodes, options);","  this.options = options;","}","","EmptyTree.prototype.build = function() { };","","function FastBootBuild(options) {","  this.project = options.project;","  var defaultAssetMapPath = 'assets/assetMap.json';","  var assetRev = this.project.addons.filter(function(addon) {","    return addon.name === 'broccoli-asset-rev';","  })[0];","","  if (assetRev && assetRev.options) {","    this.assetMapEnabled = !!(assetRev.options.enabled && assetRev.options.generateAssetMap);","","    if (assetRev.options.assetMapPath) {","      this.assetMapPath = assetRev.options.assetMapPath;","    }","","    if (assetRev.options.fingerprintAssetMap) {","      defaultAssetMapPath = 'assets/assetMap-*.json'","    }","  }","","  this.assetMapPath = this.assetMapPath || options.assetMapPath || defaultAssetMapPath;","  this.ui = options.ui;","  this.options = options;","  this.app = options.app;","  this.name = this.app.name;","  this.parent = options.parent;","}","","/**"," * Creates a new EmberApp instance (from Ember CLI) and configures it to build"," * for FastBoot. This tree for the FastBoot build is returned and later merged"," * with the initial browser build."," */","FastBootBuild.prototype.toTree = function() {","  var env = process.env;","","  // This method will be called again when we create the new EmberApp below.","  // This is to prevent infinite recursion.","  if (this.app.options.__is_building_fastboot__) {","    return new EmptyTree([]);","  }","","  // Set the EMBER_CLI_FASTBOOT environment variable. This serves as a hint","  // for other addons that they should build their trees configured for the","  // FastBoot build.","  //","  // In the future, ideally we can remove this environment variable and there","  // would be a more explicit way to tell addons what the build target is.","  env.EMBER_CLI_FASTBOOT = true;","","  var options = this.appOptions();","","  // re-require with env.EMBER_CLI_FASTBOOT on","  var path = require('path');","  var emberBuildFile = path.join(this.project.root, 'ember-cli-build.js');","  var emberApp = require(emberBuildFile)(options);","","  // Because this will be merged with the browser build, move the FastBoot","  // build's assets to the fastboot directory.","  //","  var stew = require('broccoli-stew');","","  var fastbootTree = new Funnel(emberApp, {","    srcDir: '/',","    include: ['assets/**/*.js', '**/*.json']","  });","","  fastbootTree = stew.mv(fastbootTree, this.assetMapPath, '/fastbootAssetMap.json');","  fastbootTree = stew.mv(fastbootTree, 'assets/*.*', 'fastboot/');","","  delete env.EMBER_CLI_FASTBOOT;","","  var configTree = this.buildConfigTree(fastbootTree);","  var merge = require('broccoli-merge-trees');","","  return merge([fastbootTre
[...]
BootConfig.prototype.normalizeHostWhitelist = function() {","  if (!this.hostWhitelist) {","    return;","  }","","  return this.hostWhitelist.map(function(entry) {","    // Is a regex","    if (entry.source) {","      return '/' + entry.source + '/';","    } else {","      return entry;","    }","  });","};","","function eachAddonPackage(project, cb) {","  project.addons.map(function(addon) {","    cb(addon.pkg);","  });","}","","function getFastBootDependencies(pkg, ui) {","  var addon = pkg['ember-addon'];","  if (!addon) {","    return addon;","  }","","  var deps = addon.fastBootDependencies;","  if (deps) {","    ui.writeDeprecateLine('ember-addon.fastBootDependencies has been replaced with ember-addon.fastbootDependencies [addon: ' + pkg.name + ']');","    return deps;","  }","","  return addon.fastbootDependencies;","}","","function getDependencyVersion(pkg, dep) {","  if (!pkg.dependencies) {","    throw new Error(fmt(\"Could not find FastBoot dependency '%s' in %s/package.json dependencies.\", dep, pkg.name));","  }","","  return pkg.dependencies[dep];","}","","module.exports = FastBootConfig;","","function assetToFastboot(key) {","  var parts = key.split('/');","  var dir = parts[0];","  if (dir === 'assets') {","    parts[0] = 'fastboot';","  }","  return parts.join('/');","}",""],"l":{"1":1,"2":1,"3":1,"4":1,"5":1,"6":1,"8":1,"10":1,"11":0,"15":0,"16":0,"17":0,"18":0,"19":0,"20":0,"21":0,"22":0,"24":0,"25":0,"27":0,"31":1,"32":1,"39":1,"40":0,"41":0,"42":0,"44":0,"45":0,"48":1,"49":0,"50":0,"52":0,"53":0,"54":0,"58":1,"59":0,"60":0,"61":0,"63":0,"64":0,"66":0,"67":0,"68":0,"70":0,"71":0,"72":0,"73":0,"76":0,"78":0,"79":0,"85":0,"86":0,"88":0,"89":0,"90":0,"92":0,"93":0,"94":0,"99":0,"100":0,"103":1,"104":0,"105":0,"106":0,"108":0,"109":0,"110":0,"112":0,"113":0,"118":1,"119":0,"120":0,"121":0,"122":0,"124":0,"130":0,"132":0,"133":0,"138":0,"139":0,"140":0,"144":0,"145":0,"146":0,"148":0,"151":0,"152":0,"153":0,"155":0,"159":0,"162":1,"163":0,"164":0,"168":1,"169":0,"181":1,"182":0,"183":0,"186":0,"188":0,"189":0,"191":0,"196":1,"197":0,"198":0,"202":1,"203":0,"204":0,"205":0,"208":0,"209":0,"210":0,"211":0,"214":0,"217":1,"218":0,"219":0,"222":0,"225":1,"227":1,"228":0,"229":0,"230":0,"231":0,"233":0}},"/home/travis/build/npmtest/node-npmtest-ember-cli-fastboot/node_modules/ember-cli-fastboot/lib/tasks/fastboot-server.js":{"path":"/home/travis/build/npmtest/node-npmtest-ember-cli-fastboot/node_modules/ember-cli-fastboot/lib/tasks/fastboot-server.js","s":{"1":1,"2":1,"3":1,"4":1,"5":1,"6":1,"7":1,"8":1,"9":0,"10":0,"11":0,"12":0,"13":0,"14":0,"15":0,"16":0,"17":0,"18":0,"19":0,"20":0,"21":0,"22":0,"23":0,"24":0,"25":0,"26":0,"27":0,"28":0,"29":0,"30":0,"31":0,"32":0,"33":0,"34":0,"35":0,"36":0,"37":0,"38":0,"39":0,"40":0,"41":0,"42":0,"43":0,"44":0,"45":0,"46":0,"47":0,"48":0,"49":0,"50":0,"51":0,"52":0,"53":0,"54":0,"55":0,"56":0,"57":0,"58":0,"59":0,"60":0,"61":0,"62":0,"63":0,"64":0,"65":0,"66":0,"67":0,"68":0,"69":0,"70":0,"71":0,"72":0,"73":0,"74":0,"75":0,"76":0,"77":0},"b":{"1":[0,0],"2":[0,0],"3":[0,0],"4":[0,0],"5":[0,0],"6":[0,0],"7":[0,0],"8":[0,0]},"f":{"1":0,"2":0,"3":0,"4":0,"5":0,"6":0},"fnMap":{"1":{"name":"(anonymous_1)","line":23,"loc":{"start":{"line":23,"column":5},"end":{"line":23,"column":15}}},"2":{"name":"(anonymous_2)","line":29,"loc":{"start":{"line":29,"column":7},"end":{"line":29,"column":17}}},"3":{"name":"(anonymous_3)","line":82,"loc":{"start":{"line":82,"column":6},"end":{"line":82,"column":9}}},"4":{"name":"(anonymous_4)","line":100,"loc":{"start":{"line":100,"column":9},"end":{"line":100,"column":12}}},"5":{"name":"(anonymous_5)","line":104,"loc":{"start":{"line":104,"column":13},"end":{"line":104,"column":23}}},"6":{"name":"(anonymous_6)","line":118,"loc":{"start":{"line":118,"column":14},"end":{"line":118,"column":26}}}},"statementMap":{"1":{"start":{"line":3,"column":0},"end":{"line":3,"column":29}},"2":{"start":{"line":4,"column":0},"end":{"line":4,"column":42}},"3":{"start":{"line":5,"column":0},"end":{"line":5,"column":60}},"4":{"start":{"line":6,"column":0},"end":{"line":6,"column":59}},"5":{"start":{"line":7,"column":0},"end":{"line":7,"column":29}},"6":{"start":{"line":8,"column":0},"end":{"line":8,"column":29}},"7":{"start":{"line":9,"column":0},"end":{"line":9,"column":66}},"8":{"start":{"line":11,"column":0},"end":{"line":152,"column":3}},"9":{"start":{"line":24,"column":4},"end":{"line":24,"column":17}},"10":{"start":{"line":25,"column":4},"end":{"line":25,"column":50}},"11":{"start":{"line":25,"column":24},"end":{"line":25,"column":49}},"12":{"start":{"line":26,"column":4},"end":{"line":26,"column":40}},"13":{"start":{"line":30,"column":4},"end":{"line":30,"column":19}},"14":{"start":{"line":32,"column":4},"end":{"line":32,"column":75}},"15":{"start":{"line":33,"column":4},"end":{"line":33,"column":46}},"16":{"start":{"line":34,"column":4},"end":{"line":34,"column":44}},"17":{"start":{"line":36,"column":4},"end":{"line":38,"column":7}},"18":{"start":{"line":40,"column":4},"end":{"line":43,"column":7}},"19":{"start":{"line":45,"column":4},"end":{"line":45,"column":26}},"20":{"start":{"line":46,"column":4},"end":{"line":46,"column":38}},"21":{"start":{"line":48,"column":4},"end":{"line":51,"column":5}},"22":{"start":{"line":49,"column":6},"end":{"line":49,"column":31}},"23":{"start":{"line":50,"column":6},"end":{"line":50,"column":50}},"24":{"start":{"line":52,"column":4},"end":{"line":52,"column":30}},"25":{"start":{"line":53,"column":4},"end":{"line":53,"column":47}},"26":{"start":{"line":53,"column":26},"end":{"line":53,"column":45}},"27":{"start":{"line":55,"column":4},"end":{"line":55,"column":50}},"28":{"start":{"line":58,"column":4},"end":{"line":66,"column":7}},"29":{"start":{"line":59,"column":6},"end":{"line":59,"column":43}},"30":{"start":{"line":60,"column":6},"end":{"line":60,"column":39}},"31":{"start":{"line":61,"column":6},"end":{"line":61,"column":38}},"32":{"start":{"line":62,"column":6},"end":{"line":65,"column":9}},"33":{"start":{"line":63,"column":8},"end":{"line":63,"column":42}},"34":{"start":{"line":64,"column":8},"end":{"line":64,"column":38}},"35":{"start":{"line":68,"column":4},"end":{"line":79,"column":7}},"36":{"start":{"line":69,"column":6},"end":{"line":78,"column":9}},"37":{"start":{"line":70,"column":8},"end":{"line":70,"column":40}},"38":{"start":{"line":70,"column":19},"end":{"line":70,"column":38}},"39":{"start":{"line":71,"column":8},"end":{"line":71,"column":44}},"40":{"start":{"line":72,"column":8},"end":{"line":72,"column":28}},"41":{"start":{"line":73,"column":8},"end":{"line":73,"column":32}},"42":{"start":{"line":74,"column":8},"end":{"line":74,"column":29}},"43":{"start":{"line":75,"column":8},"end":{"line":75,"column":54}},"44":{"start":{"line":75,"column":33},"end":{"line":75,"column":52}},"45":{"start":{"line":76,"column":8},"end":{"line":76,"column":78}},"46":{"start":{"line":77,"column":8},"end":{"line":77,"column":18}},"47":{"start":{"line":83,"column":4},"end":{"line":83,"column":18}},"48":{"start":{"line":84,"column":4},"end":{"line":97,"column":7}},"49":{"start":{"line":85,"column":6},"end":{"line":85,"column":49}},"50":{"start":{"line":85,"column":30},"end":{"line":85,"column":47}},"51":{"start":{"line":88,"column":6},"end":{"line":93,"column":9}},"52":{"start":{"line":89,"column":8},"end":{"line":89,"column":50}},"53":{"start":{"line":90,"column":8},"end":{"line":90,"column":40}},"54":{"start":{"line":90,"column":19},"end":{"line":90,"column":38}},"55":{"start":{"line":91,"column":8},"end":{"line":91,"column":31}},"56":{"start":{"line":92,"column":8},"end":{"line":92,"column":18}},"57":{"start":{"line":96,"column":6},"end":{"line":96,"column":72}},"58":{"start":{"line":96,"column":45},"end":{"line":96,"column":70}},"59":{"start":{"line":101,"column":4},"end":{"line":101,"column":34}},"60":{"start":{"line":105,"column":4},"end":{"line":111,"column":5}},"61":{"start":{"line":106,"column":6},"end":{"line":106,"column":46}},"62":{"start":{"line":107,"column":6},"end":{"line":107,"column":28}},"63":{"start":{"line":109,"column":6},"end":{"line":110,"column":40}},"64":{"start":{"line":110,"column":20},"end":{"line":110,"column":38}},"65":{"start":{"line":119,"column":4},"end":{"line":121,"column":49}},"66":{"start":{"line":123,"column":4},"end":{"line":123,"column":39}},"67":{"start":{"line":125,"column":4},"end":{"line":125,"column":38}},"68":{"start":{"line":126,"column":4},"end":{"line":126,"column":42}},"69":{"start":{"line":128,"column":4},"end":{"line":147,"column":5}},"70":{"start":{"line":132,"column":6},"end":{"line":132,"column":63}},"71":{"start":{"line":133,"column":6},"end":{"line":133,"column":142}},"72":{"start":{"line":138,"column":6},"end":{"line":144,"column":7}},"73":{"start":{"line":139,"column":8},"end":{"line":140,"column":103}},"74":{"start":{"line":143,"column":8},"end":{"line":143,"column":154}},"75":{"start":{"line":146,"column":6},"end":{"line":146,"column":50}},"76":{"start":{"line":149,"column":4},"end":{"line":149,"column":51}},"77":{"start":{"line":150,"column":4},"end":{"line":150,"column":26}}},"branchMap":{"1":{"line":48,"type":"if","locations":[{"start":{"line":48,"column":4},"end":{"line":48,"column":4}},{"start":{"line":48,"column":4},"end":{"line":48,"column":4}}]},"2":{"line":70,"type":"if","locations":[{"start":{"line":70,"column":8},"end":{"line":70,"column":8}},{"start":{"line":70,"column":8},"end":{"line":70,"column":8}}]},"3":{"line":75,"type":"if","locations":[{"start":{"line":75,"column":8},"end":{"line":75,"column":8}},{"start":{"line":75,"column":8},"end":{"line":75,"column":8}}]},"4":{"line":85,"type":"if","locations":[{"start":{"line":85,"column":6},"end":{"line":85,"column":6}},{"start":{"line":85,"column":6},"end":{"line":85,"column":6}}]},"5":{"line":90,"type":"if","locations":[{"start":{"line":90,"column":8},"end":{"line":90,"column":8}},{"start":{"line":90,"column":8},"end":{"line":90,"column":8}}]},"6":{"line":105,"type":"if","locations":[{"start":{"line":105,"column":4},"end":{"line":105,"column":4}},{"start":{"line":105,"column":4},"end":{"line":105,"column":4}}]},"7":{"line":128,"type":"if","locations":[{"start":{"line":128,"column":4},"end":{"line":128,"column":4}},{"start":{"line":128,"column":4},"end":{"line":128,"column":4}}]},"8":{"line":138,"type":"if","locations":[{"start":{"line":138,"column":6},"end":{"line":138,"column":6}},{"start":{"line":138,"column":6},"end":{"line":138,"column":6}}]}},"code":["'use strict';","","const RSVP = require('rsvp');","const CoreObject = require('core-object');","const debug = require('debug')('ember-cli-fastboot/server');","const exec = RSVP.denodeify(require('child_process').exec);","const http = require('http');","const path = require('path');","const parseStackTrace = require('../utilities/parse-stack-trace');","","module.exports = CoreObject.extend({","","  exec,","  http,","  httpServer: null,","  fastboot: null,","  nextSocketId: 0,","  require,","  restartAgain: false,","  restartPromise: null,","  sockets: {},","","  run(options) {","    debug('run');","    const ready = () => this.outputReady(options);","    this.addon.on('outputReady', ready);","  },","","  start(options) {","    debug('start');","","    const fastbootMiddleware = this.require('fastboot-express-middleware');","    const FastBoot = this.require('fastboot');","    const express = this.require('express');","","    this.fastboot = new FastBoot({","      distPath: options.outputPath","    });","","    const middleware = fastbootMiddleware({","      outputPath: options.outputPath,","      fastboot: this.fastboot","    });","","    const app = express();","    app.use(require('compression')());","","    if (options.serveAssets) {","      app.get('/', middleware);","      app.use(express.static(options.assetsPath));","    }","    app.get('/*', middleware);","    app.use((req, res) => res.sendStatus(404));","","    this.httpServer = this.http.createServer(app);","","    // Track open sockets for fast restart","    this.httpServer.on('connection', (socket) => {","      const socketId = this.nextSocketId++;","      debug(`open socket ${socketId}`);","      this.sockets[socketId] = socket;","      socket.on('close', () => {","        debug(`close socket ${socketId}`);","        delete this.sockets[socketId];","      });","    });","","    return new RSVP.Promise((resolve, reject) => {","      this.httpServer.listen(options.port, options.host, (err) => {","        if (err) { return reject(err); }","        const o = this.httpServer.address();","        const port = o.port;","        const family = o.family;","        let host = o.address;","        if (family === 'IPv6') { host = `[${host}]`; }","        this.ui.writeLine(`Ember FastBoot running at http://${host}:${port}`);","        resolve();","      });","    });","  },","","  stop() {","    debug('stop');","    return new RSVP.Promise((resolve, reject) => {","      if (!this.httpServer) { return resolve(); }","","      // Stop accepting new connections","      this.httpServer.close((err) => {","        debug('close', Object.keys(this.sockets));","        if (err) { return reject(err); }","        this.httpServer = null;","        resolve();","      });","","      // Force close existing connections","      Object.keys(this.sockets).forEach(k => this.sockets[k].destroy());","    });","  },","","  restart() {","    return this.fastboot.reload();","  },","","  outputReady(options) {","    if (this.fastboot) {","      this.ui.writeLine(`Reloading FastBoot`);","      return this.restart();","    } else {","      return this.start(options)","        .catch(e => this.printError(e));","    }","  },","","  /*","   * Try to show a useful error message if we're not able to start the user's","   * app in FastBoot.","   */","  printError: function(e) {","    var preamble = [\"There was an error trying to run your application in FastBoot.\\n\",","      \"This is usually caused by either your application code or an addon trying to access \" +","      \"an API that isn't available in Node.js.\"];","","    var stackInfo = parseStackTrace(e);","","    var fileName = stackInfo.fileName;","    var lineNumber = stackInfo.lineNumber;","","    if (fileName) {","      // Print file name and line number from the top of the stack. This is displayed","      // anyway, of course, but not everyone knows how to read a stack trace. This makes","      // it more obvious.","      var badFilePath = path.relative(process.cwd(), fileName);","      preamble.push(\"Based on the stack trace, it looks like the exception was generated in \" + badFilePath + \" on line \" + lineNumber + \".\");","","      // If the exception is coming from `vendor.js`, that usually means it's from an addon and thus may be","      // out of the user's control. Give the user some instructions so they can try to figure out which","      // addon is causing the problem.","      if (fileName.substr(-9) === 'vendor.js') {","        preamble.push(\"Because it's coming from vendor.js, an addon is most likely responsible for this error. You should look at this \" +","                      \"file and line number to determine which addon is not yet FastBoot compatible.\");","","      } else {","        preamble.push(\"The exception is probably coming from your app. Look at this file and line number to determine what is triggering the exception.\");","      }","","      preamble.push(\"\\nThe full stack trace is:\");","    }","","    this.ui.writeError(preamble.join('\\n') + '\\n');","    this.ui.writeError(e);","  }","});",""],"l":{"3":1,"4":1,"5":1,"6":1,"7":1,"8":1,"9":1,"11":1,"24":0,"25":0,"26":0,"30":0,"32":0,"33":0,"34":0,"36":0,"40":0,"45":0,"46":0,"48":0,"49":0,"50":0,"52":0,"53":0,"55":0,"58":0,"59":0,"60":0,"61":0,"62":0,"63":0,"64":0,"68":0,"69":0,"70":0,"71":0,"72":0,"73":0,"74":0,"75":0,"76":0,"77":0,"83":0,"84":0,"85":0,"88":0,"89":0,"90":0,"91":0,"92":0,"96":0,"101":0,"105":0,"106":0,"107":0,"109":0,"110":0,"119":0,"123":0,"125":0,"126":0,"128":0,"132":0,"133":0,"138":0,"139":0,"143":0,"146":0,"149":0,"150":0}},"/home/travis/build/npmtest/node-npmtest-ember-cli-fastboot/node_modules/ember-cli-fastboot/lib/utilities/parse-stack-trace.js":{"path":"/home/travis/build/npmtest/node-npmtest-ember-cli-fastboot/node_modules/ember-cli-fastboot/lib/utilities/parse-stack-trace.js","s":{"1":1,"2":0,"3":0,"4":0,"5":0,"6":0,"7":0,"8":0,"9":0,"10":0,"11":0},"b":{"1":[0,0],"2":[0,0],"3":[0,0],"4":[0,0],"5":[0,0],"6":[0,0],"7":[0,0]},"f":{"1":0},"fnMap":{"1":{"name":"(anonymous_1)","line":6,"loc":{"start":{"line":6,"column":17},"end":{"line":6,"column":29}}}},"statementMap":{"1":{"start":{"line":6,"column":0},"end":{"line":35,"column":2}},"2":{"start":{"line":9,"column":2},"end":{"line":9,"column":22}},"3":{"start":{"line":10,"column":2},"end":{"line":10,"column":24}},"4":{"start":{"line":12,"column":2},"end":{"line":29,"column":3}},"5":{"start":{"line":14,"column":4},"end":{"line":14,"column":36}},"6":{"start":{"line":18,"column":4},"end":{"line":28,"column":5}},"7":{"start":{"line":23,"column":6},"end":{"line":23,"column":95}},"8":{"start":{"line":24,"column":6},"end":{"line":27,"column":7}},"9":{"start":{"line":25,"column":8},"end":{"line":25,"column":40}},"10":{"start":{"line":26,"column":8},"end":{"line":26,"column":42}},"11":{"start":{"line":31,"column":2},"end":{"line":34,"column":4}}},"branchMap":{"1":{"line":12,"type":"if","locations":[{"start":{"line":12,"column":2},"end":{"line":12,"column":2}},{"start":{"line":12,"column":2},"end":{"line":12,"column":2}}]},"2":{"line":12,"type":"binary-expr","locations":[{"start":{"line":12,"column":6},"end":{"line":12,"column":7}},{"start":{"line":12,"column":11},"end":{"line":12,"column":18}}]},"3":{"line":18,"type":"if","locations":[{"start":{"line":18,"column":4},"end":{"line":18,"column":4}},{"start":{"line":18,"column":4},"end":{"line":18,"column":4}}]},"4":{"line":24,"type":"if","locations":[{"start":{"line":24,"column":6},"end":{"line":24,"column":6}},{"start":{"line":24,"column":6},"end":{"line":24,"column":6}}]},"5":{"line":25,"type":"binary-expr","locations":[{"start":{"line":25,"column":19},"end":{"line":25,"column":27}},{"start":{"line":25,"column":31},"end":{"line":25,"column":39}}]},"6":{"line":26,"type":"binary-expr","locations":[{"start":{"line":26,"column":21},"end":{"line":26,"column":29}},{"start":{"line":26,"column":33},"end":{"line":26,"column":41}}]},"7":{"line":33,"type":"cond-expr","locations":[{"start":{"line":33,"column":38},"end":{"line":33,"column":48}},{"start":{"line":33,"column":51},"end":{"line":33,"column":75}}]}},"code":["/*"," * Helper function that parses the stack trace of an Error object"," * and extracts the file name and line number where the exception"," * was thrown."," */","module.exports = function(e) {","  // If there's a stack trace available, try to extract some information for","  // it so we can generate a more helpful error message.","  var fileName = null;","  var lineNumber = null;","","  if (e && e.stack) {","    // Look at the stack trace line by line","    var stack = e.stack.split('\\n');","","    // Verify there's a second line with path information.","    // (First line is the error message itself.)","    if (stack[1]) {","      // Extract path and line number information. An example line looks like either:","      //     at /Users/monegraph/Code/fastboot-test/dist/fastboot/vendor.js:65045:19","      // or","      //     at Module.callback (/Users/monegraph/Code/fastboot-test/dist/fastboot/fastboot-test.js:23:31)","      var match = stack[1].match(/\\s*(?:at .* \\(([^:]+):(\\d+):(\\d+)|at ([^:]+):(\\d+):(\\d+)$)/);","      if (match) {","        fileName = match[1] || match[4];","        lineNumber = match[2] || match[5];","      }","    }","  }","","  return {","    fileName: fileName,","    lineNumber: lineNumber === null ? lineNumber : parseInt(lineNumber, 10)","  };","};",""],"l":{"6":1,"9":0,"10":0,"12":0,"14":0,"18":0,"23":0,"24":0,"25":0,"26":0,"31":0}}}